[2023-06-21 10:12:52,393] sd_webpage.py[line:68] INFO 收到生成任务: {}
[2023-06-21 10:13:44,824] sd_webpage.py[line:68] INFO 收到生成任务: {}
[2023-06-21 10:13:48,796] sd_webpage.py[line:68] INFO 收到生成任务: {}
[2023-06-21 10:13:58,190] sd_webpage.py[line:68] INFO 收到生成任务: {}
[2023-06-21 10:14:01,745] sd_webpage.py[line:68] INFO 收到生成任务: {}
[2023-06-21 10:14:04,102] sd_webpage.py[line:68] INFO 收到生成任务: {}
[2023-06-21 10:14:05,382] sd_webpage.py[line:68] INFO 收到生成任务: {}
[2023-06-21 10:14:06,406] sd_webpage.py[line:68] INFO 收到生成任务: {}
[2023-06-21 10:14:07,527] sd_webpage.py[line:68] INFO 收到生成任务: {}
[2023-06-21 10:14:08,661] sd_webpage.py[line:68] INFO 收到生成任务: {}
[2023-06-21 10:14:09,982] sd_webpage.py[line:68] INFO 收到生成任务: {}
[2023-06-21 10:33:53,993] sd_webpage.py[line:68] INFO 收到生成任务: {}
[2023-06-21 10:44:08,189] sd_webpage.py[line:68] INFO 收到生成任务: {"user_name": "", "params": {"pos_prompt": "1girl,black hair,sex", "neg_prompt": "", "model_name": "韩国女孩"}}
[2023-06-21 10:44:08,189] sd_webpage.py[line:68] INFO 收到生成任务: {"user_name": "", "params": {"pos_prompt": "1girl,black hair,sex", "neg_prompt": "", "model_name": "韩国女孩"}}
[2023-06-21 10:44:08,189] sd_webpage.py[line:68] INFO 收到生成任务: {"user_name": "", "params": {"pos_prompt": "1girl,black hair,sex", "neg_prompt": "", "model_name": "韩国女孩"}}
[2023-06-21 10:47:38,146] sd_webpage.py[line:68] INFO 收到生成任务: {"user_name": "", "params": {"pos_prompt": "213123", "neg_prompt": "11222222", "model_name": "韩国女孩"}}
[2023-06-21 10:49:49,090] sd_webpage.py[line:68] INFO 收到生成任务: {"user_name": "", "params": {"pos_prompt": "12313", "neg_prompt": "", "model_name": "韩国女孩"}}
[2023-06-21 10:52:40,685] sd_webpage.py[line:50] INFO user_name:
[2023-06-21 10:53:04,548] sd_webpage.py[line:50] INFO user_name:
[2023-06-21 10:53:11,561] sd_webpage.py[line:50] INFO user_name:
[2023-06-21 10:53:11,712] sd_webpage.py[line:50] INFO user_name:
[2023-06-21 10:53:30,160] sd_webpage.py[line:50] INFO user_name:
[2023-06-21 10:54:25,851] sd_webpage.py[line:49] INFO user_name:
[2023-06-21 10:54:27,558] sd_webpage.py[line:49] INFO user_name:
[2023-06-21 10:54:28,584] sd_webpage.py[line:49] INFO user_name:
[2023-06-21 10:54:37,507] sd_webpage.py[line:49] INFO user_name:
[2023-06-21 10:56:54,811] sd_webpage.py[line:27] INFO {"Host": "aistormy.com", "X-Forwarded-For": "64.120.121.206", "X-Real-Ip": "64.120.121.206", "Upgrade": "websocket", "Connection": "upgrade", "Pragma": "no-cache", "Cache-Control": "no-cache", "User-Agent": "Mozilla/5.0 (Macintosh; Intel Mac OS X 10_15_7) AppleWebKit/537.36 (KHTML, like Gecko) Chrome/114.0.0.0 Safari/537.36", "Origin": "http://aistormy.com", "Sec-Websocket-Version": "13", "Accept-Encoding": "gzip, deflate", "Accept-Language": "zh-CN,zh;q=0.9,en;q=0.8", "Cookie": "wordpress_test_cookie=WP%20Cookie%20check; wp_lang=zh_CN; ajs_anonymous_id=faf56cdb-dfb1-4d92-85b5-48907aec0729; wordpress_logged_in_701d13825842b70eaa1d312570482f15=xt%7C1688442683%7CmWcNA3spK8sUkz9AWcwC8wCyfgMdC3y1vetxG0TRbX9%7C6b6edb51c464b0d950dbbe65ab44d1e2459badb72e963fbc0c0d3013b13afc2e; wp-settings-time-1=1687249546; wp-settings-1=libraryContent%3Dbrowse%26mfold%3Do", "Sec-Websocket-Key": "68EE2VaVzt06CfH/7JrFAg==", "Sec-Websocket-Extensions": "permessage-deflate; client_max_window_bits", "Sec-Websocket-Protocol": "streamlit"}
[2023-06-21 10:56:54,875] sd_webpage.py[line:50] INFO user_name:
[2023-06-21 10:56:56,138] sd_webpage.py[line:27] INFO {"Host": "aistormy.com", "X-Forwarded-For": "111.199.191.64", "X-Real-Ip": "111.199.191.64", "Upgrade": "websocket", "Connection": "upgrade", "Pragma": "no-cache", "Cache-Control": "no-cache", "User-Agent": "Mozilla/5.0 (Windows NT 10.0; Win64; x64) AppleWebKit/537.36 (KHTML, like Gecko) Chrome/113.0.0.0 Safari/537.36", "Origin": "http://aistormy.com", "Sec-Websocket-Version": "13", "Accept-Encoding": "gzip, deflate", "Accept-Language": "zh-CN,zh;q=0.9", "Cookie": "wordpress_test_cookie=WP%20Cookie%20check; ajs_anonymous_id=fd31b322-936f-4c43-9042-46a74a5e021b", "Sec-Websocket-Key": "ipBm+2jFdTnaBmDYMLuJEA==", "Sec-Websocket-Extensions": "permessage-deflate; client_max_window_bits", "Sec-Websocket-Protocol": "streamlit, 3e074327-84ec-47b0-b8ef-2347acdcb1ee"}
[2023-06-21 10:56:56,139] sd_webpage.py[line:50] INFO user_name:
[2023-06-21 10:57:01,621] sd_webpage.py[line:27] INFO {"Host": "aistormy.com", "X-Forwarded-For": "64.120.121.206", "X-Real-Ip": "64.120.121.206", "Upgrade": "websocket", "Connection": "upgrade", "Pragma": "no-cache", "Cache-Control": "no-cache", "User-Agent": "Mozilla/5.0 (Macintosh; Intel Mac OS X 10_15_7) AppleWebKit/537.36 (KHTML, like Gecko) Chrome/114.0.0.0 Safari/537.36", "Origin": "http://aistormy.com", "Sec-Websocket-Version": "13", "Accept-Encoding": "gzip, deflate", "Accept-Language": "zh-CN,zh;q=0.9,en;q=0.8", "Cookie": "wordpress_test_cookie=WP%20Cookie%20check; wp_lang=zh_CN; ajs_anonymous_id=faf56cdb-dfb1-4d92-85b5-48907aec0729; wordpress_logged_in_701d13825842b70eaa1d312570482f15=xt%7C1688442683%7CmWcNA3spK8sUkz9AWcwC8wCyfgMdC3y1vetxG0TRbX9%7C6b6edb51c464b0d950dbbe65ab44d1e2459badb72e963fbc0c0d3013b13afc2e; wp-settings-time-1=1687249546; wp-settings-1=libraryContent%3Dbrowse%26mfold%3Do", "Sec-Websocket-Key": "KOijVdw0cK16tM7FEWqlOw==", "Sec-Websocket-Extensions": "permessage-deflate; client_max_window_bits", "Sec-Websocket-Protocol": "streamlit, d94bb13a-0d35-47ac-9f55-cc0544b1f33c"}
[2023-06-21 10:57:01,623] sd_webpage.py[line:50] INFO user_name:
[2023-06-21 10:57:04,849] sd_webpage.py[line:27] INFO {"Host": "aistormy.com", "X-Forwarded-For": "64.120.121.206", "X-Real-Ip": "64.120.121.206", "Upgrade": "websocket", "Connection": "upgrade", "Pragma": "no-cache", "Cache-Control": "no-cache", "User-Agent": "Mozilla/5.0 (Macintosh; Intel Mac OS X 10_15_7) AppleWebKit/537.36 (KHTML, like Gecko) Chrome/114.0.0.0 Safari/537.36", "Origin": "http://aistormy.com", "Sec-Websocket-Version": "13", "Accept-Encoding": "gzip, deflate", "Accept-Language": "zh-CN,zh;q=0.9,en;q=0.8", "Cookie": "wordpress_test_cookie=WP%20Cookie%20check; wp_lang=zh_CN; ajs_anonymous_id=faf56cdb-dfb1-4d92-85b5-48907aec0729; wordpress_logged_in_701d13825842b70eaa1d312570482f15=xt%7C1688442683%7CmWcNA3spK8sUkz9AWcwC8wCyfgMdC3y1vetxG0TRbX9%7C6b6edb51c464b0d950dbbe65ab44d1e2459badb72e963fbc0c0d3013b13afc2e; wp-settings-time-1=1687249546; wp-settings-1=libraryContent%3Dbrowse%26mfold%3Do", "Sec-Websocket-Key": "bbjeM5EtdDxSTRbdE+E4qA==", "Sec-Websocket-Extensions": "permessage-deflate; client_max_window_bits", "Sec-Websocket-Protocol": "streamlit, 494668c8-0de5-45be-97e2-c2802e352031"}
[2023-06-21 10:57:04,851] sd_webpage.py[line:50] INFO user_name:
[2023-06-21 10:58:08,633] sd_webpage.py[line:34] INFO cookie_list:['wordpress_test_cookie=WP%20Cookie%20check', ' ajs_anonymous_id=fd31b322-936f-4c43-9042-46a74a5e021b']
[2023-06-21 10:58:08,695] sd_webpage.py[line:49] INFO user_name:
[2023-06-21 10:58:10,629] sd_webpage.py[line:34] INFO cookie_list:['wordpress_test_cookie=WP%20Cookie%20check', ' wp_lang=zh_CN', ' ajs_anonymous_id=faf56cdb-dfb1-4d92-85b5-48907aec0729', ' wordpress_logged_in_701d13825842b70eaa1d312570482f15=xt%7C1688442683%7CmWcNA3spK8sUkz9AWcwC8wCyfgMdC3y1vetxG0TRbX9%7C6b6edb51c464b0d950dbbe65ab44d1e2459badb72e963fbc0c0d3013b13afc2e', ' wp-settings-time-1=1687249546', ' wp-settings-1=libraryContent%3Dbrowse%26mfold%3Do']
[2023-06-21 10:58:10,631] sd_webpage.py[line:49] INFO user_name:xt
[2023-06-21 10:58:13,837] sd_webpage.py[line:34] INFO cookie_list:['wordpress_test_cookie=WP%20Cookie%20check', ' wp_lang=zh_CN', ' ajs_anonymous_id=faf56cdb-dfb1-4d92-85b5-48907aec0729', ' wordpress_logged_in_701d13825842b70eaa1d312570482f15=xt%7C1688442683%7CmWcNA3spK8sUkz9AWcwC8wCyfgMdC3y1vetxG0TRbX9%7C6b6edb51c464b0d950dbbe65ab44d1e2459badb72e963fbc0c0d3013b13afc2e', ' wp-settings-time-1=1687249546', ' wp-settings-1=libraryContent%3Dbrowse%26mfold%3Do']
[2023-06-21 10:58:13,840] sd_webpage.py[line:49] INFO user_name:xt
[2023-06-21 10:58:14,632] sd_webpage.py[line:34] INFO cookie_list:['wordpress_test_cookie=WP%20Cookie%20check', ' wp_lang=zh_CN', ' ajs_anonymous_id=faf56cdb-dfb1-4d92-85b5-48907aec0729', ' wordpress_logged_in_701d13825842b70eaa1d312570482f15=xt%7C1688442683%7CmWcNA3spK8sUkz9AWcwC8wCyfgMdC3y1vetxG0TRbX9%7C6b6edb51c464b0d950dbbe65ab44d1e2459badb72e963fbc0c0d3013b13afc2e', ' wp-settings-time-1=1687249546', ' wp-settings-1=libraryContent%3Dbrowse%26mfold%3Do']
[2023-06-21 10:58:14,635] sd_webpage.py[line:49] INFO user_name:xt
[2023-06-21 10:58:29,348] sd_webpage.py[line:34] INFO cookie_list:['ajs_anonymous_id=d7443b61-ad03-4f5d-b088-3eb207a0fd17', ' wordpress_test_cookie=WP%20Cookie%20check']
[2023-06-21 10:58:29,351] sd_webpage.py[line:49] INFO user_name:
[2023-06-21 10:58:39,770] sd_webpage.py[line:34] INFO cookie_list:['ajs_anonymous_id=d7443b61-ad03-4f5d-b088-3eb207a0fd17', ' wordpress_test_cookie=WP%20Cookie%20check']
[2023-06-21 10:58:39,773] sd_webpage.py[line:49] INFO user_name:
[2023-06-21 10:58:41,866] sd_webpage.py[line:34] INFO cookie_list:['ajs_anonymous_id=d7443b61-ad03-4f5d-b088-3eb207a0fd17', ' wordpress_test_cookie=WP%20Cookie%20check']
[2023-06-21 10:58:41,868] sd_webpage.py[line:49] INFO user_name:
[2023-06-21 10:58:41,870] sd_webpage.py[line:68] INFO 收到生成任务: {"user_name": "", "params": {"pos_prompt": "1girl", "neg_prompt": "", "model_name": "韩国女孩"}}
[2023-06-21 10:59:13,568] sd_webpage.py[line:34] INFO cookie_list:['wordpress_test_cookie=WP%20Cookie%20check', ' wp_lang=zh_CN', ' ajs_anonymous_id=faf56cdb-dfb1-4d92-85b5-48907aec0729', ' wordpress_logged_in_701d13825842b70eaa1d312570482f15=xt%7C1688442683%7CmWcNA3spK8sUkz9AWcwC8wCyfgMdC3y1vetxG0TRbX9%7C6b6edb51c464b0d950dbbe65ab44d1e2459badb72e963fbc0c0d3013b13afc2e', ' wp-settings-time-1=1687249546', ' wp-settings-1=libraryContent%3Dbrowse%26mfold%3Do']
[2023-06-21 10:59:13,570] sd_webpage.py[line:49] INFO user_name:xt
[2023-06-21 10:59:16,669] sd_webpage.py[line:34] INFO cookie_list:['wordpress_test_cookie=WP%20Cookie%20check', ' wp_lang=zh_CN', ' ajs_anonymous_id=faf56cdb-dfb1-4d92-85b5-48907aec0729', ' wordpress_logged_in_701d13825842b70eaa1d312570482f15=xt%7C1688442683%7CmWcNA3spK8sUkz9AWcwC8wCyfgMdC3y1vetxG0TRbX9%7C6b6edb51c464b0d950dbbe65ab44d1e2459badb72e963fbc0c0d3013b13afc2e', ' wp-settings-time-1=1687249546', ' wp-settings-1=libraryContent%3Dbrowse%26mfold%3Do']
[2023-06-21 10:59:16,671] sd_webpage.py[line:49] INFO user_name:xt
[2023-06-21 10:59:16,721] sd_webpage.py[line:34] INFO cookie_list:['wordpress_test_cookie=WP%20Cookie%20check', ' wp_lang=zh_CN', ' ajs_anonymous_id=faf56cdb-dfb1-4d92-85b5-48907aec0729', ' wordpress_logged_in_701d13825842b70eaa1d312570482f15=xt%7C1688442683%7CmWcNA3spK8sUkz9AWcwC8wCyfgMdC3y1vetxG0TRbX9%7C6b6edb51c464b0d950dbbe65ab44d1e2459badb72e963fbc0c0d3013b13afc2e', ' wp-settings-time-1=1687249546', ' wp-settings-1=libraryContent%3Dbrowse%26mfold%3Do']
[2023-06-21 10:59:16,723] sd_webpage.py[line:49] INFO user_name:xt
[2023-06-21 10:59:16,726] sd_webpage.py[line:68] INFO 收到生成任务: {"user_name": "xt", "params": {"pos_prompt": "312313", "neg_prompt": "1111", "model_name": "韩国女孩"}}
[2023-06-21 11:01:08,938] sd_webpage.py[line:34] INFO cookie_list:['wordpress_test_cookie=WP%20Cookie%20check', ' wp_lang=zh_CN', ' ajs_anonymous_id=faf56cdb-dfb1-4d92-85b5-48907aec0729', ' wordpress_logged_in_701d13825842b70eaa1d312570482f15=xt%7C1688442683%7CmWcNA3spK8sUkz9AWcwC8wCyfgMdC3y1vetxG0TRbX9%7C6b6edb51c464b0d950dbbe65ab44d1e2459badb72e963fbc0c0d3013b13afc2e', ' wp-settings-time-1=1687249546', ' wp-settings-1=libraryContent%3Dbrowse%26mfold%3Do']
[2023-06-21 11:01:08,940] sd_webpage.py[line:49] INFO user_name:xt
[2023-06-21 11:01:08,942] sd_webpage.py[line:68] INFO 收到生成任务: {"user_name": "xt", "params": {"pos_prompt": "312313", "neg_prompt": "1111", "model_name": "韩国女孩"}}
[2023-06-21 11:03:55,813] sd_webpage.py[line:34] INFO cookie_list:['ajs_anonymous_id=d7443b61-ad03-4f5d-b088-3eb207a0fd17', ' wordpress_test_cookie=WP%20Cookie%20check', ' wordpress_logged_in_701d13825842b70eaa1d312570482f15=xt%7C1687489423%7CjcRFkF0JJPT6J20hlBKtV3ylCzPzz2XkxKlQnfyW49w%7Cce56a16e6436e254cf1d16d59cd3b1105e8f11ef9dffbc71aa440e4f9c04957c', ' wp-settings-1=libraryContent%3Dbrowse%26mfold%3Do', ' wp-settings-time-1=1687316623']
[2023-06-21 11:03:55,816] sd_webpage.py[line:49] INFO user_name:xt
[2023-06-21 11:06:10,806] sd_webpage.py[line:34] INFO cookie_list:['wordpress_test_cookie=WP%20Cookie%20check', ' wp_lang=zh_CN', ' ajs_anonymous_id=faf56cdb-dfb1-4d92-85b5-48907aec0729', ' wordpress_logged_in_701d13825842b70eaa1d312570482f15=xt%7C1688442683%7CmWcNA3spK8sUkz9AWcwC8wCyfgMdC3y1vetxG0TRbX9%7C6b6edb51c464b0d950dbbe65ab44d1e2459badb72e963fbc0c0d3013b13afc2e', ' wp-settings-time-1=1687249546', ' wp-settings-1=libraryContent%3Dbrowse%26mfold%3Do']
[2023-06-21 11:06:10,808] sd_webpage.py[line:49] INFO user_name:xt
[2023-06-21 11:06:14,823] sd_webpage.py[line:34] INFO cookie_list:['wordpress_test_cookie=WP%20Cookie%20check', ' wp_lang=zh_CN', ' ajs_anonymous_id=faf56cdb-dfb1-4d92-85b5-48907aec0729', ' wordpress_logged_in_701d13825842b70eaa1d312570482f15=xt%7C1688442683%7CmWcNA3spK8sUkz9AWcwC8wCyfgMdC3y1vetxG0TRbX9%7C6b6edb51c464b0d950dbbe65ab44d1e2459badb72e963fbc0c0d3013b13afc2e', ' wp-settings-time-1=1687249546', ' wp-settings-1=libraryContent%3Dbrowse%26mfold%3Do']
[2023-06-21 11:06:14,825] sd_webpage.py[line:49] INFO user_name:xt
[2023-06-21 11:06:17,158] sd_webpage.py[line:34] INFO cookie_list:['wordpress_test_cookie=WP%20Cookie%20check', ' wp_lang=zh_CN', ' ajs_anonymous_id=faf56cdb-dfb1-4d92-85b5-48907aec0729', ' wordpress_logged_in_701d13825842b70eaa1d312570482f15=xt%7C1688442683%7CmWcNA3spK8sUkz9AWcwC8wCyfgMdC3y1vetxG0TRbX9%7C6b6edb51c464b0d950dbbe65ab44d1e2459badb72e963fbc0c0d3013b13afc2e', ' wp-settings-time-1=1687249546', ' wp-settings-1=libraryContent%3Dbrowse%26mfold%3Do']
[2023-06-21 11:06:17,161] sd_webpage.py[line:49] INFO user_name:xt
[2023-06-21 11:06:17,171] sd_webpage.py[line:34] INFO cookie_list:['wordpress_test_cookie=WP%20Cookie%20check', ' wp_lang=zh_CN', ' ajs_anonymous_id=faf56cdb-dfb1-4d92-85b5-48907aec0729', ' wordpress_logged_in_701d13825842b70eaa1d312570482f15=xt%7C1688442683%7CmWcNA3spK8sUkz9AWcwC8wCyfgMdC3y1vetxG0TRbX9%7C6b6edb51c464b0d950dbbe65ab44d1e2459badb72e963fbc0c0d3013b13afc2e', ' wp-settings-time-1=1687249546', ' wp-settings-1=libraryContent%3Dbrowse%26mfold%3Do']
[2023-06-21 11:06:17,215] sd_webpage.py[line:49] INFO user_name:xt
[2023-06-21 11:06:17,217] sd_webpage.py[line:68] INFO 收到生成任务: {"user_name": "xt", "params": {"pos_prompt": "234234", "neg_prompt": "234", "model_name": "韩国女孩"}}
[2023-06-21 11:07:07,255] sd_webpage.py[line:34] INFO cookie_list:['ajs_anonymous_id=d7443b61-ad03-4f5d-b088-3eb207a0fd17', ' wordpress_test_cookie=WP%20Cookie%20check', ' wordpress_logged_in_701d13825842b70eaa1d312570482f15=xt%7C1687489423%7CjcRFkF0JJPT6J20hlBKtV3ylCzPzz2XkxKlQnfyW49w%7Cce56a16e6436e254cf1d16d59cd3b1105e8f11ef9dffbc71aa440e4f9c04957c', ' wp-settings-1=libraryContent%3Dbrowse%26mfold%3Do', ' wp-settings-time-1=1687316623']
[2023-06-21 11:07:07,257] sd_webpage.py[line:49] INFO user_name:xt
[2023-06-21 11:07:30,876] sd_webpage.py[line:34] INFO cookie_list:['wordpress_test_cookie=WP%20Cookie%20check', ' wp_lang=zh_CN', ' ajs_anonymous_id=faf56cdb-dfb1-4d92-85b5-48907aec0729', ' wordpress_logged_in_701d13825842b70eaa1d312570482f15=xt%7C1688442683%7CmWcNA3spK8sUkz9AWcwC8wCyfgMdC3y1vetxG0TRbX9%7C6b6edb51c464b0d950dbbe65ab44d1e2459badb72e963fbc0c0d3013b13afc2e', ' wp-settings-time-1=1687249546', ' wp-settings-1=libraryContent%3Dbrowse%26mfold%3Do']
[2023-06-21 11:07:30,878] sd_webpage.py[line:49] INFO user_name:xt
[2023-06-21 11:07:35,692] sd_webpage.py[line:34] INFO cookie_list:['wordpress_test_cookie=WP%20Cookie%20check', ' wp_lang=zh_CN', ' ajs_anonymous_id=faf56cdb-dfb1-4d92-85b5-48907aec0729', ' wordpress_logged_in_701d13825842b70eaa1d312570482f15=xt%7C1688442683%7CmWcNA3spK8sUkz9AWcwC8wCyfgMdC3y1vetxG0TRbX9%7C6b6edb51c464b0d950dbbe65ab44d1e2459badb72e963fbc0c0d3013b13afc2e', ' wp-settings-time-1=1687249546', ' wp-settings-1=libraryContent%3Dbrowse%26mfold%3Do']
[2023-06-21 11:07:35,695] sd_webpage.py[line:49] INFO user_name:xt
[2023-06-21 11:07:38,325] sd_webpage.py[line:34] INFO cookie_list:['wordpress_test_cookie=WP%20Cookie%20check', ' wp_lang=zh_CN', ' ajs_anonymous_id=faf56cdb-dfb1-4d92-85b5-48907aec0729', ' wordpress_logged_in_701d13825842b70eaa1d312570482f15=xt%7C1688442683%7CmWcNA3spK8sUkz9AWcwC8wCyfgMdC3y1vetxG0TRbX9%7C6b6edb51c464b0d950dbbe65ab44d1e2459badb72e963fbc0c0d3013b13afc2e', ' wp-settings-time-1=1687249546', ' wp-settings-1=libraryContent%3Dbrowse%26mfold%3Do']
[2023-06-21 11:07:38,328] sd_webpage.py[line:49] INFO user_name:xt
[2023-06-21 11:07:38,376] sd_webpage.py[line:34] INFO cookie_list:['wordpress_test_cookie=WP%20Cookie%20check', ' wp_lang=zh_CN', ' ajs_anonymous_id=faf56cdb-dfb1-4d92-85b5-48907aec0729', ' wordpress_logged_in_701d13825842b70eaa1d312570482f15=xt%7C1688442683%7CmWcNA3spK8sUkz9AWcwC8wCyfgMdC3y1vetxG0TRbX9%7C6b6edb51c464b0d950dbbe65ab44d1e2459badb72e963fbc0c0d3013b13afc2e', ' wp-settings-time-1=1687249546', ' wp-settings-1=libraryContent%3Dbrowse%26mfold%3Do']
[2023-06-21 11:07:38,379] sd_webpage.py[line:49] INFO user_name:xt
[2023-06-21 11:07:38,381] sd_webpage.py[line:68] INFO 收到生成任务: {"user_name": "xt", "params": {"pos_prompt": "1231231", "neg_prompt": "232", "model_name": "韩国女孩"}}
[2023-06-21 11:09:42,837] sd_webpage.py[line:34] INFO cookie_list:['wordpress_test_cookie=WP%20Cookie%20check', ' wp_lang=zh_CN', ' ajs_anonymous_id=faf56cdb-dfb1-4d92-85b5-48907aec0729', ' wordpress_logged_in_701d13825842b70eaa1d312570482f15=xt%7C1688442683%7CmWcNA3spK8sUkz9AWcwC8wCyfgMdC3y1vetxG0TRbX9%7C6b6edb51c464b0d950dbbe65ab44d1e2459badb72e963fbc0c0d3013b13afc2e', ' wp-settings-time-1=1687249546', ' wp-settings-1=libraryContent%3Dbrowse%26mfold%3Do']
[2023-06-21 11:09:42,839] sd_webpage.py[line:49] INFO user_name:xt
[2023-06-21 11:09:42,841] sd_webpage.py[line:68] INFO 收到生成任务: {"user_name": "xt", "params": {"pos_prompt": "1231231", "neg_prompt": "232", "model_name": "韩国女孩"}}
[2023-06-21 11:10:05,036] sd_webpage.py[line:34] INFO cookie_list:['wordpress_test_cookie=WP%20Cookie%20check', ' wp_lang=zh_CN', ' ajs_anonymous_id=faf56cdb-dfb1-4d92-85b5-48907aec0729', ' wordpress_logged_in_701d13825842b70eaa1d312570482f15=xt%7C1688442683%7CmWcNA3spK8sUkz9AWcwC8wCyfgMdC3y1vetxG0TRbX9%7C6b6edb51c464b0d950dbbe65ab44d1e2459badb72e963fbc0c0d3013b13afc2e', ' wp-settings-time-1=1687249546', ' wp-settings-1=libraryContent%3Dbrowse%26mfold%3Do']
[2023-06-21 11:10:05,039] sd_webpage.py[line:49] INFO user_name:xt
[2023-06-21 11:10:10,022] sd_webpage.py[line:34] INFO cookie_list:['wordpress_test_cookie=WP%20Cookie%20check', ' wp_lang=zh_CN', ' ajs_anonymous_id=faf56cdb-dfb1-4d92-85b5-48907aec0729', ' wordpress_logged_in_701d13825842b70eaa1d312570482f15=xt%7C1688442683%7CmWcNA3spK8sUkz9AWcwC8wCyfgMdC3y1vetxG0TRbX9%7C6b6edb51c464b0d950dbbe65ab44d1e2459badb72e963fbc0c0d3013b13afc2e', ' wp-settings-time-1=1687249546', ' wp-settings-1=libraryContent%3Dbrowse%26mfold%3Do']
[2023-06-21 11:10:10,025] sd_webpage.py[line:49] INFO user_name:xt
[2023-06-21 11:10:10,071] sd_webpage.py[line:34] INFO cookie_list:['wordpress_test_cookie=WP%20Cookie%20check', ' wp_lang=zh_CN', ' ajs_anonymous_id=faf56cdb-dfb1-4d92-85b5-48907aec0729', ' wordpress_logged_in_701d13825842b70eaa1d312570482f15=xt%7C1688442683%7CmWcNA3spK8sUkz9AWcwC8wCyfgMdC3y1vetxG0TRbX9%7C6b6edb51c464b0d950dbbe65ab44d1e2459badb72e963fbc0c0d3013b13afc2e', ' wp-settings-time-1=1687249546', ' wp-settings-1=libraryContent%3Dbrowse%26mfold%3Do']
[2023-06-21 11:10:10,072] sd_webpage.py[line:49] INFO user_name:xt
[2023-06-21 11:10:10,074] sd_webpage.py[line:68] INFO 收到生成任务: {"user_name": "xt", "params": {"pos_prompt": "13123123123", "neg_prompt": "", "model_name": "韩国女孩"}}
[2023-06-21 11:13:37,655] sd_webpage.py[line:34] INFO cookie_list:['wordpress_test_cookie=WP%20Cookie%20check', ' ajs_anonymous_id=fd31b322-936f-4c43-9042-46a74a5e021b']
[2023-06-21 11:13:37,730] sd_webpage.py[line:49] INFO user_name:
[2023-06-21 11:13:42,226] sd_webpage.py[line:34] INFO cookie_list:['wordpress_test_cookie=WP%20Cookie%20check', ' wp_lang=zh_CN', ' ajs_anonymous_id=faf56cdb-dfb1-4d92-85b5-48907aec0729', ' wordpress_logged_in_701d13825842b70eaa1d312570482f15=xt%7C1688442683%7CmWcNA3spK8sUkz9AWcwC8wCyfgMdC3y1vetxG0TRbX9%7C6b6edb51c464b0d950dbbe65ab44d1e2459badb72e963fbc0c0d3013b13afc2e', ' wp-settings-time-1=1687249546', ' wp-settings-1=libraryContent%3Dbrowse%26mfold%3Do']
[2023-06-21 11:13:42,229] sd_webpage.py[line:49] INFO user_name:xt
[2023-06-21 11:13:46,549] sd_webpage.py[line:34] INFO cookie_list:['wordpress_test_cookie=WP%20Cookie%20check', ' wp_lang=zh_CN', ' ajs_anonymous_id=faf56cdb-dfb1-4d92-85b5-48907aec0729', ' wordpress_logged_in_701d13825842b70eaa1d312570482f15=xt%7C1688442683%7CmWcNA3spK8sUkz9AWcwC8wCyfgMdC3y1vetxG0TRbX9%7C6b6edb51c464b0d950dbbe65ab44d1e2459badb72e963fbc0c0d3013b13afc2e', ' wp-settings-time-1=1687249546', ' wp-settings-1=libraryContent%3Dbrowse%26mfold%3Do']
[2023-06-21 11:13:46,551] sd_webpage.py[line:49] INFO user_name:xt
[2023-06-21 11:13:46,601] sd_webpage.py[line:34] INFO cookie_list:['wordpress_test_cookie=WP%20Cookie%20check', ' wp_lang=zh_CN', ' ajs_anonymous_id=faf56cdb-dfb1-4d92-85b5-48907aec0729', ' wordpress_logged_in_701d13825842b70eaa1d312570482f15=xt%7C1688442683%7CmWcNA3spK8sUkz9AWcwC8wCyfgMdC3y1vetxG0TRbX9%7C6b6edb51c464b0d950dbbe65ab44d1e2459badb72e963fbc0c0d3013b13afc2e', ' wp-settings-time-1=1687249546', ' wp-settings-1=libraryContent%3Dbrowse%26mfold%3Do']
[2023-06-21 11:13:46,603] sd_webpage.py[line:49] INFO user_name:xt
[2023-06-21 11:13:46,605] sd_webpage.py[line:68] INFO 收到生成任务: {"user_name": "xt", "params": {"pos_prompt": "123123123", "neg_prompt": "", "model_name": "韩国女孩"}}
[2023-06-21 11:17:37,829] sd_webpage.py[line:34] INFO cookie_list:['wordpress_test_cookie=WP%20Cookie%20check', ' wp_lang=zh_CN', ' ajs_anonymous_id=faf56cdb-dfb1-4d92-85b5-48907aec0729', ' wordpress_logged_in_701d13825842b70eaa1d312570482f15=xt%7C1688442683%7CmWcNA3spK8sUkz9AWcwC8wCyfgMdC3y1vetxG0TRbX9%7C6b6edb51c464b0d950dbbe65ab44d1e2459badb72e963fbc0c0d3013b13afc2e', ' wp-settings-time-1=1687249546', ' wp-settings-1=libraryContent%3Dbrowse%26mfold%3Do']
[2023-06-21 11:17:37,911] sd_webpage.py[line:49] INFO user_name:xt
[2023-06-21 11:17:43,985] sd_webpage.py[line:34] INFO cookie_list:['wordpress_test_cookie=WP%20Cookie%20check', ' wp_lang=zh_CN', ' ajs_anonymous_id=faf56cdb-dfb1-4d92-85b5-48907aec0729', ' wordpress_logged_in_701d13825842b70eaa1d312570482f15=xt%7C1688442683%7CmWcNA3spK8sUkz9AWcwC8wCyfgMdC3y1vetxG0TRbX9%7C6b6edb51c464b0d950dbbe65ab44d1e2459badb72e963fbc0c0d3013b13afc2e', ' wp-settings-time-1=1687249546', ' wp-settings-1=libraryContent%3Dbrowse%26mfold%3Do']
[2023-06-21 11:17:43,988] sd_webpage.py[line:49] INFO user_name:xt
[2023-06-21 11:17:44,044] sd_webpage.py[line:34] INFO cookie_list:['wordpress_test_cookie=WP%20Cookie%20check', ' wp_lang=zh_CN', ' ajs_anonymous_id=faf56cdb-dfb1-4d92-85b5-48907aec0729', ' wordpress_logged_in_701d13825842b70eaa1d312570482f15=xt%7C1688442683%7CmWcNA3spK8sUkz9AWcwC8wCyfgMdC3y1vetxG0TRbX9%7C6b6edb51c464b0d950dbbe65ab44d1e2459badb72e963fbc0c0d3013b13afc2e', ' wp-settings-time-1=1687249546', ' wp-settings-1=libraryContent%3Dbrowse%26mfold%3Do']
[2023-06-21 11:17:44,047] sd_webpage.py[line:49] INFO user_name:xt
[2023-06-21 11:17:44,049] sd_webpage.py[line:68] INFO 收到生成任务: {"user_name": "xt", "params": {"pos_prompt": "123123123", "neg_prompt": "", "model_name": "韩国女孩"}}
[2023-06-21 11:18:33,521] sd_webpage.py[line:34] INFO cookie_list:['wordpress_test_cookie=WP%20Cookie%20check', ' wp_lang=zh_CN', ' ajs_anonymous_id=faf56cdb-dfb1-4d92-85b5-48907aec0729', ' wordpress_logged_in_701d13825842b70eaa1d312570482f15=xt%7C1688442683%7CmWcNA3spK8sUkz9AWcwC8wCyfgMdC3y1vetxG0TRbX9%7C6b6edb51c464b0d950dbbe65ab44d1e2459badb72e963fbc0c0d3013b13afc2e', ' wp-settings-time-1=1687249546', ' wp-settings-1=libraryContent%3Dbrowse%26mfold%3Do']
[2023-06-21 11:18:33,523] sd_webpage.py[line:49] INFO user_name:xt
[2023-06-21 11:18:39,555] sd_webpage.py[line:34] INFO cookie_list:['wordpress_test_cookie=WP%20Cookie%20check', ' wp_lang=zh_CN', ' ajs_anonymous_id=faf56cdb-dfb1-4d92-85b5-48907aec0729', ' wordpress_logged_in_701d13825842b70eaa1d312570482f15=xt%7C1688442683%7CmWcNA3spK8sUkz9AWcwC8wCyfgMdC3y1vetxG0TRbX9%7C6b6edb51c464b0d950dbbe65ab44d1e2459badb72e963fbc0c0d3013b13afc2e', ' wp-settings-time-1=1687249546', ' wp-settings-1=libraryContent%3Dbrowse%26mfold%3Do']
[2023-06-21 11:18:39,557] sd_webpage.py[line:49] INFO user_name:xt
[2023-06-21 11:18:47,582] sd_webpage.py[line:34] INFO cookie_list:['wordpress_test_cookie=WP%20Cookie%20check', ' ajs_anonymous_id=fd31b322-936f-4c43-9042-46a74a5e021b']
[2023-06-21 11:18:47,584] sd_webpage.py[line:49] INFO user_name:
[2023-06-21 11:21:18,682] sd_webpage.py[line:34] INFO cookie_list:['wordpress_test_cookie=WP%20Cookie%20check', ' wp_lang=zh_CN', ' ajs_anonymous_id=faf56cdb-dfb1-4d92-85b5-48907aec0729', ' wordpress_logged_in_701d13825842b70eaa1d312570482f15=xt%7C1688442683%7CmWcNA3spK8sUkz9AWcwC8wCyfgMdC3y1vetxG0TRbX9%7C6b6edb51c464b0d950dbbe65ab44d1e2459badb72e963fbc0c0d3013b13afc2e', ' wp-settings-time-1=1687249546', ' wp-settings-1=libraryContent%3Dbrowse%26mfold%3Do']
[2023-06-21 11:21:18,742] sd_webpage.py[line:49] INFO user_name:xt
[2023-06-21 11:21:18,812] sd_webpage.py[line:34] INFO cookie_list:['wordpress_test_cookie=WP%20Cookie%20check', ' wp_lang=zh_CN', ' ajs_anonymous_id=faf56cdb-dfb1-4d92-85b5-48907aec0729', ' wordpress_logged_in_701d13825842b70eaa1d312570482f15=xt%7C1688442683%7CmWcNA3spK8sUkz9AWcwC8wCyfgMdC3y1vetxG0TRbX9%7C6b6edb51c464b0d950dbbe65ab44d1e2459badb72e963fbc0c0d3013b13afc2e', ' wp-settings-time-1=1687249546', ' wp-settings-1=libraryContent%3Dbrowse%26mfold%3Do']
[2023-06-21 11:21:18,818] sd_webpage.py[line:49] INFO user_name:xt
[2023-06-21 11:21:20,306] sd_webpage.py[line:34] INFO cookie_list:['wordpress_test_cookie=WP%20Cookie%20check', ' wp_lang=zh_CN', ' ajs_anonymous_id=faf56cdb-dfb1-4d92-85b5-48907aec0729', ' wordpress_logged_in_701d13825842b70eaa1d312570482f15=xt%7C1688442683%7CmWcNA3spK8sUkz9AWcwC8wCyfgMdC3y1vetxG0TRbX9%7C6b6edb51c464b0d950dbbe65ab44d1e2459badb72e963fbc0c0d3013b13afc2e', ' wp-settings-time-1=1687249546', ' wp-settings-1=libraryContent%3Dbrowse%26mfold%3Do']
[2023-06-21 11:21:20,307] sd_webpage.py[line:49] INFO user_name:xt
[2023-06-21 11:21:21,592] sd_webpage.py[line:34] INFO cookie_list:['wordpress_test_cookie=WP%20Cookie%20check', ' ajs_anonymous_id=fd31b322-936f-4c43-9042-46a74a5e021b']
[2023-06-21 11:21:21,595] sd_webpage.py[line:49] INFO user_name:
[2023-06-21 11:21:29,766] sd_webpage.py[line:34] INFO cookie_list:['wordpress_test_cookie=WP%20Cookie%20check', ' wp_lang=zh_CN', ' ajs_anonymous_id=faf56cdb-dfb1-4d92-85b5-48907aec0729', ' wordpress_logged_in_701d13825842b70eaa1d312570482f15=xt%7C1688442683%7CmWcNA3spK8sUkz9AWcwC8wCyfgMdC3y1vetxG0TRbX9%7C6b6edb51c464b0d950dbbe65ab44d1e2459badb72e963fbc0c0d3013b13afc2e', ' wp-settings-time-1=1687249546', ' wp-settings-1=libraryContent%3Dbrowse%26mfold%3Do']
[2023-06-21 11:21:29,768] sd_webpage.py[line:49] INFO user_name:xt
[2023-06-21 11:21:32,164] sd_webpage.py[line:34] INFO cookie_list:['wordpress_test_cookie=WP%20Cookie%20check', ' wp_lang=zh_CN', ' ajs_anonymous_id=faf56cdb-dfb1-4d92-85b5-48907aec0729', ' wordpress_logged_in_701d13825842b70eaa1d312570482f15=xt%7C1688442683%7CmWcNA3spK8sUkz9AWcwC8wCyfgMdC3y1vetxG0TRbX9%7C6b6edb51c464b0d950dbbe65ab44d1e2459badb72e963fbc0c0d3013b13afc2e', ' wp-settings-time-1=1687249546', ' wp-settings-1=libraryContent%3Dbrowse%26mfold%3Do']
[2023-06-21 11:21:32,165] sd_webpage.py[line:49] INFO user_name:xt
[2023-06-21 11:21:34,076] sd_webpage.py[line:34] INFO cookie_list:['wordpress_test_cookie=WP%20Cookie%20check', ' wp_lang=zh_CN', ' ajs_anonymous_id=faf56cdb-dfb1-4d92-85b5-48907aec0729', ' wordpress_logged_in_701d13825842b70eaa1d312570482f15=xt%7C1688442683%7CmWcNA3spK8sUkz9AWcwC8wCyfgMdC3y1vetxG0TRbX9%7C6b6edb51c464b0d950dbbe65ab44d1e2459badb72e963fbc0c0d3013b13afc2e', ' wp-settings-time-1=1687249546', ' wp-settings-1=libraryContent%3Dbrowse%26mfold%3Do']
[2023-06-21 11:21:34,078] sd_webpage.py[line:49] INFO user_name:xt
[2023-06-21 11:21:34,133] sd_webpage.py[line:34] INFO cookie_list:['wordpress_test_cookie=WP%20Cookie%20check', ' wp_lang=zh_CN', ' ajs_anonymous_id=faf56cdb-dfb1-4d92-85b5-48907aec0729', ' wordpress_logged_in_701d13825842b70eaa1d312570482f15=xt%7C1688442683%7CmWcNA3spK8sUkz9AWcwC8wCyfgMdC3y1vetxG0TRbX9%7C6b6edb51c464b0d950dbbe65ab44d1e2459badb72e963fbc0c0d3013b13afc2e', ' wp-settings-time-1=1687249546', ' wp-settings-1=libraryContent%3Dbrowse%26mfold%3Do']
[2023-06-21 11:21:34,136] sd_webpage.py[line:49] INFO user_name:xt
[2023-06-21 11:21:34,138] sd_webpage.py[line:68] INFO 收到生成任务: {"user_name": "xt", "params": {"pos_prompt": "234234", "neg_prompt": "2234", "model_name": "韩国女孩"}}
[2023-06-21 11:22:04,550] sd_webpage.py[line:34] INFO cookie_list:['wordpress_test_cookie=WP%20Cookie%20check', ' wp_lang=zh_CN', ' ajs_anonymous_id=faf56cdb-dfb1-4d92-85b5-48907aec0729', ' wordpress_logged_in_701d13825842b70eaa1d312570482f15=xt%7C1688442683%7CmWcNA3spK8sUkz9AWcwC8wCyfgMdC3y1vetxG0TRbX9%7C6b6edb51c464b0d950dbbe65ab44d1e2459badb72e963fbc0c0d3013b13afc2e', ' wp-settings-time-1=1687249546', ' wp-settings-1=libraryContent%3Dbrowse%26mfold%3Do']
[2023-06-21 11:22:04,560] sd_webpage.py[line:34] INFO cookie_list:['wordpress_test_cookie=WP%20Cookie%20check', ' ajs_anonymous_id=fd31b322-936f-4c43-9042-46a74a5e021b']
[2023-06-21 11:22:04,570] sd_webpage.py[line:49] INFO user_name:
[2023-06-21 11:22:04,837] sd_webpage.py[line:49] INFO user_name:xt
[2023-06-21 11:22:06,543] sd_webpage.py[line:34] INFO cookie_list:['wordpress_test_cookie=WP%20Cookie%20check', ' wp_lang=zh_CN', ' ajs_anonymous_id=faf56cdb-dfb1-4d92-85b5-48907aec0729', ' wordpress_logged_in_701d13825842b70eaa1d312570482f15=xt%7C1688442683%7CmWcNA3spK8sUkz9AWcwC8wCyfgMdC3y1vetxG0TRbX9%7C6b6edb51c464b0d950dbbe65ab44d1e2459badb72e963fbc0c0d3013b13afc2e', ' wp-settings-time-1=1687249546', ' wp-settings-1=libraryContent%3Dbrowse%26mfold%3Do']
[2023-06-21 11:22:06,545] sd_webpage.py[line:49] INFO user_name:xt
[2023-06-21 11:22:07,474] sd_webpage.py[line:34] INFO cookie_list:['wordpress_test_cookie=WP%20Cookie%20check', ' wp_lang=zh_CN', ' ajs_anonymous_id=faf56cdb-dfb1-4d92-85b5-48907aec0729', ' wordpress_logged_in_701d13825842b70eaa1d312570482f15=xt%7C1688442683%7CmWcNA3spK8sUkz9AWcwC8wCyfgMdC3y1vetxG0TRbX9%7C6b6edb51c464b0d950dbbe65ab44d1e2459badb72e963fbc0c0d3013b13afc2e', ' wp-settings-time-1=1687249546', ' wp-settings-1=libraryContent%3Dbrowse%26mfold%3Do']
[2023-06-21 11:22:07,477] sd_webpage.py[line:49] INFO user_name:xt
[2023-06-21 11:22:12,328] sd_webpage.py[line:34] INFO cookie_list:['wordpress_test_cookie=WP%20Cookie%20check', ' wp_lang=zh_CN', ' ajs_anonymous_id=faf56cdb-dfb1-4d92-85b5-48907aec0729', ' wordpress_logged_in_701d13825842b70eaa1d312570482f15=xt%7C1688442683%7CmWcNA3spK8sUkz9AWcwC8wCyfgMdC3y1vetxG0TRbX9%7C6b6edb51c464b0d950dbbe65ab44d1e2459badb72e963fbc0c0d3013b13afc2e', ' wp-settings-time-1=1687249546', ' wp-settings-1=libraryContent%3Dbrowse%26mfold%3Do']
[2023-06-21 11:22:12,330] sd_webpage.py[line:49] INFO user_name:xt
[2023-06-21 11:22:22,640] sd_webpage.py[line:34] INFO cookie_list:['wordpress_test_cookie=WP%20Cookie%20check', ' wp_lang=zh_CN', ' ajs_anonymous_id=faf56cdb-dfb1-4d92-85b5-48907aec0729', ' wordpress_logged_in_701d13825842b70eaa1d312570482f15=xt%7C1688442683%7CmWcNA3spK8sUkz9AWcwC8wCyfgMdC3y1vetxG0TRbX9%7C6b6edb51c464b0d950dbbe65ab44d1e2459badb72e963fbc0c0d3013b13afc2e', ' wp-settings-time-1=1687249546', ' wp-settings-1=libraryContent%3Dbrowse%26mfold%3Do']
[2023-06-21 11:22:22,642] sd_webpage.py[line:34] INFO cookie_list:['wordpress_test_cookie=WP%20Cookie%20check', ' wp_lang=zh_CN', ' ajs_anonymous_id=faf56cdb-dfb1-4d92-85b5-48907aec0729', ' wordpress_logged_in_701d13825842b70eaa1d312570482f15=xt%7C1688442683%7CmWcNA3spK8sUkz9AWcwC8wCyfgMdC3y1vetxG0TRbX9%7C6b6edb51c464b0d950dbbe65ab44d1e2459badb72e963fbc0c0d3013b13afc2e', ' wp-settings-time-1=1687249546', ' wp-settings-1=libraryContent%3Dbrowse%26mfold%3Do']
[2023-06-21 11:22:22,643] sd_webpage.py[line:49] INFO user_name:xt
[2023-06-21 11:22:22,691] sd_webpage.py[line:68] INFO 收到生成任务: {"user_name": "xt", "params": {"pos_prompt": "from behind", "neg_prompt": "", "model_name": "韩国女孩"}}
[2023-06-21 11:22:47,736] sd_webpage.py[line:34] INFO cookie_list:['ajs_anonymous_id=d7443b61-ad03-4f5d-b088-3eb207a0fd17', ' wordpress_test_cookie=WP%20Cookie%20check', ' wordpress_logged_in_701d13825842b70eaa1d312570482f15=xt%7C1687489423%7CjcRFkF0JJPT6J20hlBKtV3ylCzPzz2XkxKlQnfyW49w%7Cce56a16e6436e254cf1d16d59cd3b1105e8f11ef9dffbc71aa440e4f9c04957c', ' wp-settings-1=libraryContent%3Dbrowse%26mfold%3Do', ' wp-settings-time-1=1687316623']
[2023-06-21 11:22:47,738] sd_webpage.py[line:49] INFO user_name:xt
[2023-06-21 11:23:16,578] sd_webpage.py[line:34] INFO cookie_list:['ajs_anonymous_id=d7443b61-ad03-4f5d-b088-3eb207a0fd17', ' wordpress_test_cookie=WP%20Cookie%20check', ' wordpress_logged_in_701d13825842b70eaa1d312570482f15=xt%7C1687489423%7CjcRFkF0JJPT6J20hlBKtV3ylCzPzz2XkxKlQnfyW49w%7Cce56a16e6436e254cf1d16d59cd3b1105e8f11ef9dffbc71aa440e4f9c04957c', ' wp-settings-1=libraryContent%3Dbrowse%26mfold%3Do', ' wp-settings-time-1=1687316623']
[2023-06-21 11:23:16,580] sd_webpage.py[line:49] INFO user_name:xt
[2023-06-21 11:23:16,800] sd_webpage.py[line:34] INFO cookie_list:['ajs_anonymous_id=d7443b61-ad03-4f5d-b088-3eb207a0fd17', ' wordpress_test_cookie=WP%20Cookie%20check', ' wordpress_logged_in_701d13825842b70eaa1d312570482f15=xt%7C1687489423%7CjcRFkF0JJPT6J20hlBKtV3ylCzPzz2XkxKlQnfyW49w%7Cce56a16e6436e254cf1d16d59cd3b1105e8f11ef9dffbc71aa440e4f9c04957c', ' wp-settings-1=libraryContent%3Dbrowse%26mfold%3Do', ' wp-settings-time-1=1687316623']
[2023-06-21 11:23:16,803] sd_webpage.py[line:49] INFO user_name:xt
[2023-06-21 11:23:16,805] sd_webpage.py[line:68] INFO 收到生成任务: {"user_name": "xt", "params": {"pos_prompt": "1girl,sex,black hair,long hair", "neg_prompt": "", "model_name": "韩国女孩"}}
[2023-06-21 11:23:52,899] sd_webpage.py[line:34] INFO cookie_list:['ajs_anonymous_id=d7443b61-ad03-4f5d-b088-3eb207a0fd17', ' wordpress_test_cookie=WP%20Cookie%20check', ' wordpress_logged_in_701d13825842b70eaa1d312570482f15=xt%7C1687489423%7CjcRFkF0JJPT6J20hlBKtV3ylCzPzz2XkxKlQnfyW49w%7Cce56a16e6436e254cf1d16d59cd3b1105e8f11ef9dffbc71aa440e4f9c04957c', ' wp-settings-1=libraryContent%3Dbrowse%26mfold%3Do', ' wp-settings-time-1=1687316623']
[2023-06-21 11:23:52,901] sd_webpage.py[line:49] INFO user_name:xt
[2023-06-21 11:24:27,266] sd_webpage.py[line:34] INFO cookie_list:['ajs_anonymous_id=d7443b61-ad03-4f5d-b088-3eb207a0fd17', ' wordpress_test_cookie=WP%20Cookie%20check', ' wordpress_logged_in_701d13825842b70eaa1d312570482f15=xt%7C1687489423%7CjcRFkF0JJPT6J20hlBKtV3ylCzPzz2XkxKlQnfyW49w%7Cce56a16e6436e254cf1d16d59cd3b1105e8f11ef9dffbc71aa440e4f9c04957c', ' wp-settings-1=libraryContent%3Dbrowse%26mfold%3Do', ' wp-settings-time-1=1687316623']
[2023-06-21 11:24:27,269] sd_webpage.py[line:49] INFO user_name:xt
[2023-06-21 11:26:26,547] sd_webpage.py[line:34] INFO cookie_list:['ajs_anonymous_id=d7443b61-ad03-4f5d-b088-3eb207a0fd17', ' wordpress_test_cookie=WP%20Cookie%20check', ' wordpress_logged_in_701d13825842b70eaa1d312570482f15=xt%7C1687489423%7CjcRFkF0JJPT6J20hlBKtV3ylCzPzz2XkxKlQnfyW49w%7Cce56a16e6436e254cf1d16d59cd3b1105e8f11ef9dffbc71aa440e4f9c04957c', ' wp-settings-1=libraryContent%3Dbrowse%26mfold%3Do', ' wp-settings-time-1=1687316623']
[2023-06-21 11:26:26,549] sd_webpage.py[line:49] INFO user_name:xt
[2023-06-21 11:26:41,171] sd_webpage.py[line:34] INFO cookie_list:['ajs_anonymous_id=d7443b61-ad03-4f5d-b088-3eb207a0fd17', ' wordpress_test_cookie=WP%20Cookie%20check', ' wordpress_logged_in_701d13825842b70eaa1d312570482f15=xt%7C1687489423%7CjcRFkF0JJPT6J20hlBKtV3ylCzPzz2XkxKlQnfyW49w%7Cce56a16e6436e254cf1d16d59cd3b1105e8f11ef9dffbc71aa440e4f9c04957c', ' wp-settings-1=libraryContent%3Dbrowse%26mfold%3Do', ' wp-settings-time-1=1687316623']
[2023-06-21 11:26:41,173] sd_webpage.py[line:49] INFO user_name:xt
[2023-06-21 11:26:41,397] sd_webpage.py[line:34] INFO cookie_list:['ajs_anonymous_id=d7443b61-ad03-4f5d-b088-3eb207a0fd17', ' wordpress_test_cookie=WP%20Cookie%20check', ' wordpress_logged_in_701d13825842b70eaa1d312570482f15=xt%7C1687489423%7CjcRFkF0JJPT6J20hlBKtV3ylCzPzz2XkxKlQnfyW49w%7Cce56a16e6436e254cf1d16d59cd3b1105e8f11ef9dffbc71aa440e4f9c04957c', ' wp-settings-1=libraryContent%3Dbrowse%26mfold%3Do', ' wp-settings-time-1=1687316623']
[2023-06-21 11:26:41,399] sd_webpage.py[line:49] INFO user_name:xt
[2023-06-21 11:26:41,403] sd_webpage.py[line:68] INFO 收到生成任务: {"user_name": "xt", "params": {"pos_prompt": "(masterpiece, top quality, best quality, official art, beautiful and aesthetic:1.2), (1girl), extreme detailed,(fractal art:1.3),colorful,highest detailed", "neg_prompt": "(worst quality, low quality:2), monochrome, zombie,overexposure, watermark,text,bad anatomy,bad hand,extra hands,extra fingers,too many fingers,fused fingers,bad arm,distorted arm,extra arms,fused arms,extra legs,missing leg,disembodied leg,extra nipples, detached arm, liquid hand,inverted hand,disembodied limb, small breasts, loli, oversized head,extra body,completely nude, extra navel,easynegative,(hair between eyes),sketch, duplicate, ugly, huge eyes, text, logo, worst face, (bad and mutated hands:1.3), (blurry:2.0), horror, geometry, bad_prompt, (bad hands), (missing fingers), multiple limbs, bad anatomy, (interlocked fingers:1.2), Ugly Fingers, (extra digit and hands and fingers and legs and arms:1.4), ((2girl)), (deformed fingers:1.2), (long fingers:1.2),(bad-artist-anime), bad-artist, bad hand, extra legs ,(ng_deepnegative_v1_75t)", "model_name": "韩国女孩"}}
[2023-06-21 11:27:23,290] sd_webpage.py[line:34] INFO cookie_list:['ajs_anonymous_id=d7443b61-ad03-4f5d-b088-3eb207a0fd17', ' wordpress_test_cookie=WP%20Cookie%20check', ' wordpress_logged_in_701d13825842b70eaa1d312570482f15=xt%7C1687489423%7CjcRFkF0JJPT6J20hlBKtV3ylCzPzz2XkxKlQnfyW49w%7Cce56a16e6436e254cf1d16d59cd3b1105e8f11ef9dffbc71aa440e4f9c04957c', ' wp-settings-1=libraryContent%3Dbrowse%26mfold%3Do', ' wp-settings-time-1=1687316623']
[2023-06-21 11:27:23,291] sd_webpage.py[line:49] INFO user_name:xt
[2023-06-21 11:28:57,067] sd_webpage.py[line:34] INFO cookie_list:['ajs_anonymous_id=d7443b61-ad03-4f5d-b088-3eb207a0fd17', ' wordpress_test_cookie=WP%20Cookie%20check', ' wordpress_logged_in_701d13825842b70eaa1d312570482f15=xt%7C1687489423%7CjcRFkF0JJPT6J20hlBKtV3ylCzPzz2XkxKlQnfyW49w%7Cce56a16e6436e254cf1d16d59cd3b1105e8f11ef9dffbc71aa440e4f9c04957c', ' wp-settings-1=libraryContent%3Dbrowse%26mfold%3Do', ' wp-settings-time-1=1687316623']
[2023-06-21 11:28:57,069] sd_webpage.py[line:49] INFO user_name:xt
[2023-06-21 11:31:01,907] sd_webpage.py[line:34] INFO cookie_list:['wordpress_test_cookie=WP%20Cookie%20check', ' wp_lang=zh_CN', ' ajs_anonymous_id=faf56cdb-dfb1-4d92-85b5-48907aec0729', ' wordpress_logged_in_701d13825842b70eaa1d312570482f15=xt%7C1688527559%7Cq4lZZUivkGTVBMkvRqcdXzUqBZoWDwebwktXxZYqA3h%7C578edd00725fe7b747f938febe843cab45b7dfed200daace7b98e850aa775e83', ' wp-settings-1=libraryContent%3Dbrowse%26mfold%3Do', ' wp-settings-time-1=1687317959']
[2023-06-21 11:31:01,910] sd_webpage.py[line:49] INFO user_name:xt
[2023-06-21 11:31:05,882] sd_webpage.py[line:34] INFO cookie_list:['wordpress_test_cookie=WP%20Cookie%20check', ' wp_lang=zh_CN', ' ajs_anonymous_id=faf56cdb-dfb1-4d92-85b5-48907aec0729', ' wordpress_logged_in_701d13825842b70eaa1d312570482f15=xt%7C1688527559%7Cq4lZZUivkGTVBMkvRqcdXzUqBZoWDwebwktXxZYqA3h%7C578edd00725fe7b747f938febe843cab45b7dfed200daace7b98e850aa775e83', ' wp-settings-1=libraryContent%3Dbrowse%26mfold%3Do', ' wp-settings-time-1=1687317959']
[2023-06-21 11:31:05,883] sd_webpage.py[line:49] INFO user_name:xt
[2023-06-21 11:31:15,411] sd_webpage.py[line:34] INFO cookie_list:['wordpress_test_cookie=WP%20Cookie%20check', ' wp_lang=zh_CN', ' ajs_anonymous_id=faf56cdb-dfb1-4d92-85b5-48907aec0729', ' wordpress_logged_in_701d13825842b70eaa1d312570482f15=xt%7C1688527559%7Cq4lZZUivkGTVBMkvRqcdXzUqBZoWDwebwktXxZYqA3h%7C578edd00725fe7b747f938febe843cab45b7dfed200daace7b98e850aa775e83', ' wp-settings-1=libraryContent%3Dbrowse%26mfold%3Do', ' wp-settings-time-1=1687317959']
[2023-06-21 11:31:15,413] sd_webpage.py[line:49] INFO user_name:xt
[2023-06-21 11:31:15,468] sd_webpage.py[line:34] INFO cookie_list:['wordpress_test_cookie=WP%20Cookie%20check', ' wp_lang=zh_CN', ' ajs_anonymous_id=faf56cdb-dfb1-4d92-85b5-48907aec0729', ' wordpress_logged_in_701d13825842b70eaa1d312570482f15=xt%7C1688527559%7Cq4lZZUivkGTVBMkvRqcdXzUqBZoWDwebwktXxZYqA3h%7C578edd00725fe7b747f938febe843cab45b7dfed200daace7b98e850aa775e83', ' wp-settings-1=libraryContent%3Dbrowse%26mfold%3Do', ' wp-settings-time-1=1687317959']
[2023-06-21 11:31:15,469] sd_webpage.py[line:49] INFO user_name:xt
[2023-06-21 11:31:15,471] sd_webpage.py[line:68] INFO 收到生成任务: {"user_name": "xt", "params": {"pos_prompt": "12321321", "neg_prompt": "12323", "model_name": "韩国女孩"}}
[2023-06-21 11:31:47,894] sd_webpage.py[line:34] INFO cookie_list:['wordpress_test_cookie=WP%20Cookie%20check', ' wp_lang=zh_CN', ' ajs_anonymous_id=faf56cdb-dfb1-4d92-85b5-48907aec0729', ' wordpress_logged_in_701d13825842b70eaa1d312570482f15=xt%7C1688527559%7Cq4lZZUivkGTVBMkvRqcdXzUqBZoWDwebwktXxZYqA3h%7C578edd00725fe7b747f938febe843cab45b7dfed200daace7b98e850aa775e83', ' wp-settings-1=libraryContent%3Dbrowse%26mfold%3Do', ' wp-settings-time-1=1687317959']
[2023-06-21 11:31:47,896] sd_webpage.py[line:49] INFO user_name:xt
[2023-06-21 11:31:47,898] sd_webpage.py[line:68] INFO 收到生成任务: {"user_name": "xt", "params": {"pos_prompt": "12321321", "neg_prompt": "12323", "model_name": "韩国女孩"}}
[2023-06-21 11:32:00,479] sd_webpage.py[line:34] INFO cookie_list:['wordpress_test_cookie=WP%20Cookie%20check', ' wordpress_logged_in_701d13825842b70eaa1d312570482f15=xt%7C1687490857%7C28smpUPEIEeo9h06tgrSNY1IZdHQkpwF6045FUnDPDD%7C87d18cdcbfa24865ea49f9269a9db01d740fed4752072e3c03d4e46d9457e4a7', ' wp-settings-1=libraryContent%3Dbrowse%26mfold%3Do', ' wp-settings-time-1=1687318057']
[2023-06-21 11:32:00,480] sd_webpage.py[line:49] INFO user_name:xt
[2023-06-21 11:32:39,752] sd_webpage.py[line:34] INFO cookie_list:['wordpress_test_cookie=WP%20Cookie%20check', ' wordpress_logged_in_701d13825842b70eaa1d312570482f15=xt%7C1687490857%7C28smpUPEIEeo9h06tgrSNY1IZdHQkpwF6045FUnDPDD%7C87d18cdcbfa24865ea49f9269a9db01d740fed4752072e3c03d4e46d9457e4a7', ' wp-settings-1=libraryContent%3Dbrowse%26mfold%3Do', ' wp-settings-time-1=1687318057']
[2023-06-21 11:32:39,753] sd_webpage.py[line:49] INFO user_name:xt
[2023-06-21 11:32:44,611] sd_webpage.py[line:34] INFO cookie_list:['wordpress_test_cookie=WP%20Cookie%20check', ' wordpress_logged_in_701d13825842b70eaa1d312570482f15=xt%7C1687490857%7C28smpUPEIEeo9h06tgrSNY1IZdHQkpwF6045FUnDPDD%7C87d18cdcbfa24865ea49f9269a9db01d740fed4752072e3c03d4e46d9457e4a7', ' wp-settings-1=libraryContent%3Dbrowse%26mfold%3Do', ' wp-settings-time-1=1687318057']
[2023-06-21 11:32:44,613] sd_webpage.py[line:49] INFO user_name:xt
[2023-06-21 11:33:03,667] sd_webpage.py[line:34] INFO cookie_list:['wordpress_test_cookie=WP%20Cookie%20check', ' wordpress_logged_in_701d13825842b70eaa1d312570482f15=xt%7C1687490857%7C28smpUPEIEeo9h06tgrSNY1IZdHQkpwF6045FUnDPDD%7C87d18cdcbfa24865ea49f9269a9db01d740fed4752072e3c03d4e46d9457e4a7', ' wp-settings-1=libraryContent%3Dbrowse%26mfold%3Do', ' wp-settings-time-1=1687318057']
[2023-06-21 11:33:03,668] sd_webpage.py[line:49] INFO user_name:xt
[2023-06-21 11:33:17,039] sd_webpage.py[line:34] INFO cookie_list:['wordpress_test_cookie=WP%20Cookie%20check', ' wordpress_logged_in_701d13825842b70eaa1d312570482f15=xt%7C1687490857%7C28smpUPEIEeo9h06tgrSNY1IZdHQkpwF6045FUnDPDD%7C87d18cdcbfa24865ea49f9269a9db01d740fed4752072e3c03d4e46d9457e4a7', ' wp-settings-1=libraryContent%3Dbrowse%26mfold%3Do', ' wp-settings-time-1=1687318057']
[2023-06-21 11:33:17,041] sd_webpage.py[line:49] INFO user_name:xt
[2023-06-21 11:33:17,096] sd_webpage.py[line:34] INFO cookie_list:['wordpress_test_cookie=WP%20Cookie%20check', ' wordpress_logged_in_701d13825842b70eaa1d312570482f15=xt%7C1687490857%7C28smpUPEIEeo9h06tgrSNY1IZdHQkpwF6045FUnDPDD%7C87d18cdcbfa24865ea49f9269a9db01d740fed4752072e3c03d4e46d9457e4a7', ' wp-settings-1=libraryContent%3Dbrowse%26mfold%3Do', ' wp-settings-time-1=1687318057']
[2023-06-21 11:33:17,098] sd_webpage.py[line:49] INFO user_name:xt
[2023-06-21 11:33:17,100] sd_webpage.py[line:68] INFO 收到生成任务: {"user_name": "xt", "params": {"pos_prompt": "cityscape nature bangs crossed_legs", "neg_prompt": "", "model_name": "韩国女孩"}}
[2023-06-21 11:33:44,993] sd_webpage.py[line:34] INFO cookie_list:['wordpress_test_cookie=WP%20Cookie%20check', ' wp_lang=zh_CN', ' ajs_anonymous_id=faf56cdb-dfb1-4d92-85b5-48907aec0729', ' wordpress_logged_in_701d13825842b70eaa1d312570482f15=xt%7C1688527559%7Cq4lZZUivkGTVBMkvRqcdXzUqBZoWDwebwktXxZYqA3h%7C578edd00725fe7b747f938febe843cab45b7dfed200daace7b98e850aa775e83', ' wp-settings-1=libraryContent%3Dbrowse%26mfold%3Do', ' wp-settings-time-1=1687317959']
[2023-06-21 11:33:44,995] sd_webpage.py[line:49] INFO user_name:xt
[2023-06-21 11:33:44,999] sd_webpage.py[line:68] INFO 收到生成任务: {"user_name": "xt", "params": {"pos_prompt": "12321321", "neg_prompt": "12323", "model_name": "韩国女孩"}}
[2023-06-21 11:40:16,004] sd_webpage.py[line:34] INFO cookie_list:['wordpress_test_cookie=WP%20Cookie%20check', ' wp_lang=zh_CN', ' ajs_anonymous_id=faf56cdb-dfb1-4d92-85b5-48907aec0729', ' wordpress_logged_in_701d13825842b70eaa1d312570482f15=xt%7C1688527559%7Cq4lZZUivkGTVBMkvRqcdXzUqBZoWDwebwktXxZYqA3h%7C578edd00725fe7b747f938febe843cab45b7dfed200daace7b98e850aa775e83', ' wp-settings-1=libraryContent%3Dbrowse%26mfold%3Do', ' wp-settings-time-1=1687317959']
[2023-06-21 11:40:16,074] sd_webpage.py[line:49] INFO user_name:xt
[2023-06-21 11:40:38,878] sd_webpage.py[line:34] INFO cookie_list:['wordpress_test_cookie=WP%20Cookie%20check', ' wordpress_logged_in_701d13825842b70eaa1d312570482f15=xt%7C1687490857%7C28smpUPEIEeo9h06tgrSNY1IZdHQkpwF6045FUnDPDD%7C87d18cdcbfa24865ea49f9269a9db01d740fed4752072e3c03d4e46d9457e4a7', ' wp-settings-1=libraryContent%3Dbrowse%26mfold%3Do', ' wp-settings-time-1=1687318057', ' ajs_anonymous_id=aa79c3ef-feb1-4773-bd9e-53933f2426d5']
[2023-06-21 11:40:38,940] sd_webpage.py[line:49] INFO user_name:xt
[2023-06-21 11:40:39,557] sd_webpage.py[line:34] INFO cookie_list:['wordpress_test_cookie=WP%20Cookie%20check', ' wp_lang=zh_CN', ' ajs_anonymous_id=faf56cdb-dfb1-4d92-85b5-48907aec0729', ' wordpress_logged_in_701d13825842b70eaa1d312570482f15=xt%7C1688527559%7Cq4lZZUivkGTVBMkvRqcdXzUqBZoWDwebwktXxZYqA3h%7C578edd00725fe7b747f938febe843cab45b7dfed200daace7b98e850aa775e83', ' wp-settings-1=libraryContent%3Dbrowse%26mfold%3Do', ' wp-settings-time-1=1687317959']
[2023-06-21 11:40:39,560] sd_webpage.py[line:49] INFO user_name:xt
[2023-06-21 11:40:40,058] sd_webpage.py[line:34] INFO cookie_list:['wordpress_test_cookie=WP%20Cookie%20check', ' wp_lang=zh_CN', ' ajs_anonymous_id=faf56cdb-dfb1-4d92-85b5-48907aec0729', ' wordpress_logged_in_701d13825842b70eaa1d312570482f15=xt%7C1688527559%7Cq4lZZUivkGTVBMkvRqcdXzUqBZoWDwebwktXxZYqA3h%7C578edd00725fe7b747f938febe843cab45b7dfed200daace7b98e850aa775e83', ' wp-settings-1=libraryContent%3Dbrowse%26mfold%3Do', ' wp-settings-time-1=1687317959']
[2023-06-21 11:40:40,061] sd_webpage.py[line:49] INFO user_name:xt
[2023-06-21 11:40:40,480] sd_webpage.py[line:34] INFO cookie_list:['wordpress_test_cookie=WP%20Cookie%20check', ' wp_lang=zh_CN', ' ajs_anonymous_id=faf56cdb-dfb1-4d92-85b5-48907aec0729', ' wordpress_logged_in_701d13825842b70eaa1d312570482f15=xt%7C1688527559%7Cq4lZZUivkGTVBMkvRqcdXzUqBZoWDwebwktXxZYqA3h%7C578edd00725fe7b747f938febe843cab45b7dfed200daace7b98e850aa775e83', ' wp-settings-1=libraryContent%3Dbrowse%26mfold%3Do', ' wp-settings-time-1=1687317959', ' _xsrf=2|02de9a9c|6e40c5b4a093ddb3910bb1e77353b004|1687318839']
[2023-06-21 11:40:40,482] sd_webpage.py[line:49] INFO user_name:xt
[2023-06-21 11:40:40,744] sd_webpage.py[line:34] INFO cookie_list:['ajs_anonymous_id=d7443b61-ad03-4f5d-b088-3eb207a0fd17', ' wordpress_test_cookie=WP%20Cookie%20check', ' wordpress_logged_in_701d13825842b70eaa1d312570482f15=xt%7C1687489423%7CjcRFkF0JJPT6J20hlBKtV3ylCzPzz2XkxKlQnfyW49w%7Cce56a16e6436e254cf1d16d59cd3b1105e8f11ef9dffbc71aa440e4f9c04957c', ' wp-settings-1=libraryContent%3Dbrowse%26mfold%3Do', ' wp-settings-time-1=1687316623']
[2023-06-21 11:40:40,746] sd_webpage.py[line:49] INFO user_name:xt
[2023-06-21 11:40:42,141] sd_webpage.py[line:34] INFO cookie_list:['ajs_anonymous_id=d7443b61-ad03-4f5d-b088-3eb207a0fd17', ' wordpress_test_cookie=WP%20Cookie%20check', ' wordpress_logged_in_701d13825842b70eaa1d312570482f15=xt%7C1687489423%7CjcRFkF0JJPT6J20hlBKtV3ylCzPzz2XkxKlQnfyW49w%7Cce56a16e6436e254cf1d16d59cd3b1105e8f11ef9dffbc71aa440e4f9c04957c', ' wp-settings-1=libraryContent%3Dbrowse%26mfold%3Do', ' wp-settings-time-1=1687316623']
[2023-06-21 11:40:42,143] sd_webpage.py[line:49] INFO user_name:xt
[2023-06-21 11:40:42,611] sd_webpage.py[line:34] INFO cookie_list:['wordpress_test_cookie=WP%20Cookie%20check', ' ajs_anonymous_id=fd31b322-936f-4c43-9042-46a74a5e021b']
[2023-06-21 11:40:42,613] sd_webpage.py[line:49] INFO user_name:
[2023-06-21 11:41:11,831] sd_webpage.py[line:34] INFO cookie_list:['ajs_anonymous_id=d7443b61-ad03-4f5d-b088-3eb207a0fd17', ' wordpress_test_cookie=WP%20Cookie%20check', ' wordpress_logged_in_701d13825842b70eaa1d312570482f15=xt%7C1687489423%7CjcRFkF0JJPT6J20hlBKtV3ylCzPzz2XkxKlQnfyW49w%7Cce56a16e6436e254cf1d16d59cd3b1105e8f11ef9dffbc71aa440e4f9c04957c', ' wp-settings-1=libraryContent%3Dbrowse%26mfold%3Do', ' wp-settings-time-1=1687316623']
[2023-06-21 11:41:11,833] sd_webpage.py[line:49] INFO user_name:xt
[2023-06-21 11:41:39,055] sd_webpage.py[line:113] ERROR 调用失败: {"user_name": "xt"}
[2023-06-21 11:41:40,539] sd_webpage.py[line:113] ERROR 调用失败: {"user_name": "xt"}
[2023-06-21 11:41:40,793] sd_webpage.py[line:113] ERROR 调用失败: {"user_name": "xt"}
[2023-06-21 11:41:42,194] sd_webpage.py[line:113] ERROR 调用失败: {"user_name": "xt"}
[2023-06-21 11:41:42,671] sd_webpage.py[line:113] ERROR 调用失败: {"user_name": ""}
[2023-06-21 11:45:48,629] sd_webpage.py[line:34] INFO cookie_list:['ajs_anonymous_id=d7443b61-ad03-4f5d-b088-3eb207a0fd17', ' wordpress_test_cookie=WP%20Cookie%20check', ' wordpress_logged_in_701d13825842b70eaa1d312570482f15=xt%7C1687489423%7CjcRFkF0JJPT6J20hlBKtV3ylCzPzz2XkxKlQnfyW49w%7Cce56a16e6436e254cf1d16d59cd3b1105e8f11ef9dffbc71aa440e4f9c04957c', ' wp-settings-1=libraryContent%3Dbrowse%26mfold%3Do', ' wp-settings-time-1=1687316623']
[2023-06-21 11:45:48,634] sd_webpage.py[line:49] INFO user_name:xt
[2023-06-21 11:45:49,024] sd_webpage.py[line:34] INFO cookie_list:['ajs_anonymous_id=d7443b61-ad03-4f5d-b088-3eb207a0fd17', ' wordpress_test_cookie=WP%20Cookie%20check', ' wordpress_logged_in_701d13825842b70eaa1d312570482f15=xt%7C1687489423%7CjcRFkF0JJPT6J20hlBKtV3ylCzPzz2XkxKlQnfyW49w%7Cce56a16e6436e254cf1d16d59cd3b1105e8f11ef9dffbc71aa440e4f9c04957c', ' wp-settings-1=libraryContent%3Dbrowse%26mfold%3Do', ' wp-settings-time-1=1687316623']
[2023-06-21 11:45:49,029] sd_webpage.py[line:49] INFO user_name:xt
[2023-06-21 11:45:49,032] sd_webpage.py[line:68] INFO 收到生成任务: {"user_name": "xt", "params": {"pos_prompt": "1girl,full body", "neg_prompt": "", "model_name": "韩国女孩"}}
[2023-06-21 11:46:31,205] sd_webpage.py[line:34] INFO cookie_list:['ajs_anonymous_id=d7443b61-ad03-4f5d-b088-3eb207a0fd17', ' wordpress_test_cookie=WP%20Cookie%20check', ' wordpress_logged_in_701d13825842b70eaa1d312570482f15=xt%7C1687489423%7CjcRFkF0JJPT6J20hlBKtV3ylCzPzz2XkxKlQnfyW49w%7Cce56a16e6436e254cf1d16d59cd3b1105e8f11ef9dffbc71aa440e4f9c04957c', ' wp-settings-1=libraryContent%3Dbrowse%26mfold%3Do', ' wp-settings-time-1=1687316623']
[2023-06-21 11:46:31,208] sd_webpage.py[line:49] INFO user_name:xt
[2023-06-21 11:48:02,664] sd_webpage.py[line:34] INFO cookie_list:['ajs_anonymous_id=d7443b61-ad03-4f5d-b088-3eb207a0fd17', ' wordpress_test_cookie=WP%20Cookie%20check', ' wordpress_logged_in_701d13825842b70eaa1d312570482f15=xt%7C1687489423%7CjcRFkF0JJPT6J20hlBKtV3ylCzPzz2XkxKlQnfyW49w%7Cce56a16e6436e254cf1d16d59cd3b1105e8f11ef9dffbc71aa440e4f9c04957c', ' wp-settings-1=libraryContent%3Dbrowse%26mfold%3Do', ' wp-settings-time-1=1687316623']
[2023-06-21 11:48:02,667] sd_webpage.py[line:49] INFO user_name:xt
[2023-06-21 11:48:02,869] sd_webpage.py[line:34] INFO cookie_list:['ajs_anonymous_id=d7443b61-ad03-4f5d-b088-3eb207a0fd17', ' wordpress_test_cookie=WP%20Cookie%20check', ' wordpress_logged_in_701d13825842b70eaa1d312570482f15=xt%7C1687489423%7CjcRFkF0JJPT6J20hlBKtV3ylCzPzz2XkxKlQnfyW49w%7Cce56a16e6436e254cf1d16d59cd3b1105e8f11ef9dffbc71aa440e4f9c04957c', ' wp-settings-1=libraryContent%3Dbrowse%26mfold%3Do', ' wp-settings-time-1=1687316623']
[2023-06-21 11:48:02,871] sd_webpage.py[line:49] INFO user_name:xt
[2023-06-21 11:48:02,876] sd_webpage.py[line:68] INFO 收到生成任务: {"user_name": "xt", "params": {"pos_prompt": "(masterpiece, top quality, best quality, official art, beautiful and aesthetic:1.2), (1girl), extreme detailed,(fractal art:1.3),colorful,highest detailed\n", "neg_prompt": "", "model_name": "韩国女孩"}}
[2023-06-21 11:48:34,851] sd_webpage.py[line:34] INFO cookie_list:['ajs_anonymous_id=d7443b61-ad03-4f5d-b088-3eb207a0fd17', ' wordpress_test_cookie=WP%20Cookie%20check', ' wordpress_logged_in_701d13825842b70eaa1d312570482f15=xt%7C1687489423%7CjcRFkF0JJPT6J20hlBKtV3ylCzPzz2XkxKlQnfyW49w%7Cce56a16e6436e254cf1d16d59cd3b1105e8f11ef9dffbc71aa440e4f9c04957c', ' wp-settings-1=libraryContent%3Dbrowse%26mfold%3Do', ' wp-settings-time-1=1687316623']
[2023-06-21 11:48:34,853] sd_webpage.py[line:49] INFO user_name:xt
[2023-06-21 11:48:51,781] sd_webpage.py[line:34] INFO cookie_list:['ajs_anonymous_id=d7443b61-ad03-4f5d-b088-3eb207a0fd17', ' wordpress_test_cookie=WP%20Cookie%20check', ' wordpress_logged_in_701d13825842b70eaa1d312570482f15=xt%7C1687489423%7CjcRFkF0JJPT6J20hlBKtV3ylCzPzz2XkxKlQnfyW49w%7Cce56a16e6436e254cf1d16d59cd3b1105e8f11ef9dffbc71aa440e4f9c04957c', ' wp-settings-1=libraryContent%3Dbrowse%26mfold%3Do', ' wp-settings-time-1=1687316623']
[2023-06-21 11:48:51,784] sd_webpage.py[line:49] INFO user_name:xt
[2023-06-21 11:49:02,671] sd_webpage.py[line:34] INFO cookie_list:['ajs_anonymous_id=d7443b61-ad03-4f5d-b088-3eb207a0fd17', ' wordpress_test_cookie=WP%20Cookie%20check', ' wordpress_logged_in_701d13825842b70eaa1d312570482f15=xt%7C1687489423%7CjcRFkF0JJPT6J20hlBKtV3ylCzPzz2XkxKlQnfyW49w%7Cce56a16e6436e254cf1d16d59cd3b1105e8f11ef9dffbc71aa440e4f9c04957c', ' wp-settings-1=libraryContent%3Dbrowse%26mfold%3Do', ' wp-settings-time-1=1687316623']
[2023-06-21 11:49:02,673] sd_webpage.py[line:49] INFO user_name:xt
[2023-06-21 11:49:02,873] sd_webpage.py[line:34] INFO cookie_list:['ajs_anonymous_id=d7443b61-ad03-4f5d-b088-3eb207a0fd17', ' wordpress_test_cookie=WP%20Cookie%20check', ' wordpress_logged_in_701d13825842b70eaa1d312570482f15=xt%7C1687489423%7CjcRFkF0JJPT6J20hlBKtV3ylCzPzz2XkxKlQnfyW49w%7Cce56a16e6436e254cf1d16d59cd3b1105e8f11ef9dffbc71aa440e4f9c04957c', ' wp-settings-1=libraryContent%3Dbrowse%26mfold%3Do', ' wp-settings-time-1=1687316623']
[2023-06-21 11:49:02,875] sd_webpage.py[line:49] INFO user_name:xt
[2023-06-21 11:49:02,878] sd_webpage.py[line:68] INFO 收到生成任务: {"user_name": "xt", "params": {"pos_prompt": "1boy", "neg_prompt": "", "model_name": "韩国女孩"}}
[2023-06-21 11:50:02,257] sd_webpage.py[line:34] INFO cookie_list:['ajs_anonymous_id=d7443b61-ad03-4f5d-b088-3eb207a0fd17', ' wordpress_test_cookie=WP%20Cookie%20check', ' wordpress_logged_in_701d13825842b70eaa1d312570482f15=xt%7C1687489423%7CjcRFkF0JJPT6J20hlBKtV3ylCzPzz2XkxKlQnfyW49w%7Cce56a16e6436e254cf1d16d59cd3b1105e8f11ef9dffbc71aa440e4f9c04957c', ' wp-settings-1=libraryContent%3Dbrowse%26mfold%3Do', ' wp-settings-time-1=1687316623']
[2023-06-21 11:50:02,258] sd_webpage.py[line:49] INFO user_name:xt
[2023-06-21 11:54:35,376] sd_webpage.py[line:34] INFO cookie_list:['ajs_anonymous_id=d7443b61-ad03-4f5d-b088-3eb207a0fd17', ' wordpress_test_cookie=WP%20Cookie%20check', ' wordpress_logged_in_701d13825842b70eaa1d312570482f15=xt%7C1687489423%7CjcRFkF0JJPT6J20hlBKtV3ylCzPzz2XkxKlQnfyW49w%7Cce56a16e6436e254cf1d16d59cd3b1105e8f11ef9dffbc71aa440e4f9c04957c', ' wp-settings-1=libraryContent%3Dbrowse%26mfold%3Do', ' wp-settings-time-1=1687316623']
[2023-06-21 11:54:35,378] sd_webpage.py[line:49] INFO user_name:xt
[2023-06-21 11:54:35,772] sd_webpage.py[line:34] INFO cookie_list:['ajs_anonymous_id=d7443b61-ad03-4f5d-b088-3eb207a0fd17', ' wordpress_test_cookie=WP%20Cookie%20check', ' wordpress_logged_in_701d13825842b70eaa1d312570482f15=xt%7C1687489423%7CjcRFkF0JJPT6J20hlBKtV3ylCzPzz2XkxKlQnfyW49w%7Cce56a16e6436e254cf1d16d59cd3b1105e8f11ef9dffbc71aa440e4f9c04957c', ' wp-settings-1=libraryContent%3Dbrowse%26mfold%3Do', ' wp-settings-time-1=1687316623']
[2023-06-21 11:54:35,773] sd_webpage.py[line:49] INFO user_name:xt
[2023-06-21 11:54:35,776] sd_webpage.py[line:68] INFO 收到生成任务: {"user_name": "xt", "params": {"pos_prompt": "1boy", "neg_prompt": "", "model_name": "韩国女孩"}}
[2023-06-21 11:54:55,343] sd_webpage.py[line:34] INFO cookie_list:['ajs_anonymous_id=d7443b61-ad03-4f5d-b088-3eb207a0fd17', ' wordpress_test_cookie=WP%20Cookie%20check', ' wordpress_logged_in_701d13825842b70eaa1d312570482f15=xt%7C1687489423%7CjcRFkF0JJPT6J20hlBKtV3ylCzPzz2XkxKlQnfyW49w%7Cce56a16e6436e254cf1d16d59cd3b1105e8f11ef9dffbc71aa440e4f9c04957c', ' wp-settings-1=libraryContent%3Dbrowse%26mfold%3Do', ' wp-settings-time-1=1687316623']
[2023-06-21 11:54:55,346] sd_webpage.py[line:49] INFO user_name:xt
[2023-06-21 11:55:16,625] sd_webpage.py[line:34] INFO cookie_list:['ajs_anonymous_id=d7443b61-ad03-4f5d-b088-3eb207a0fd17', ' wordpress_test_cookie=WP%20Cookie%20check', ' wordpress_logged_in_701d13825842b70eaa1d312570482f15=xt%7C1687489423%7CjcRFkF0JJPT6J20hlBKtV3ylCzPzz2XkxKlQnfyW49w%7Cce56a16e6436e254cf1d16d59cd3b1105e8f11ef9dffbc71aa440e4f9c04957c', ' wp-settings-1=libraryContent%3Dbrowse%26mfold%3Do', ' wp-settings-time-1=1687316623']
[2023-06-21 11:55:16,627] sd_webpage.py[line:49] INFO user_name:xt
[2023-06-21 11:55:16,825] sd_webpage.py[line:34] INFO cookie_list:['ajs_anonymous_id=d7443b61-ad03-4f5d-b088-3eb207a0fd17', ' wordpress_test_cookie=WP%20Cookie%20check', ' wordpress_logged_in_701d13825842b70eaa1d312570482f15=xt%7C1687489423%7CjcRFkF0JJPT6J20hlBKtV3ylCzPzz2XkxKlQnfyW49w%7Cce56a16e6436e254cf1d16d59cd3b1105e8f11ef9dffbc71aa440e4f9c04957c', ' wp-settings-1=libraryContent%3Dbrowse%26mfold%3Do', ' wp-settings-time-1=1687316623']
[2023-06-21 11:55:16,828] sd_webpage.py[line:49] INFO user_name:xt
[2023-06-21 11:55:16,830] sd_webpage.py[line:68] INFO 收到生成任务: {"user_name": "xt", "params": {"pos_prompt": "nami", "neg_prompt": "", "model_name": "韩国女孩"}}
[2023-06-21 11:55:59,785] sd_webpage.py[line:34] INFO cookie_list:['ajs_anonymous_id=d7443b61-ad03-4f5d-b088-3eb207a0fd17', ' wordpress_test_cookie=WP%20Cookie%20check', ' wordpress_logged_in_701d13825842b70eaa1d312570482f15=xt%7C1687489423%7CjcRFkF0JJPT6J20hlBKtV3ylCzPzz2XkxKlQnfyW49w%7Cce56a16e6436e254cf1d16d59cd3b1105e8f11ef9dffbc71aa440e4f9c04957c', ' wp-settings-1=libraryContent%3Dbrowse%26mfold%3Do', ' wp-settings-time-1=1687316623']
[2023-06-21 11:55:59,787] sd_webpage.py[line:49] INFO user_name:xt
[2023-06-21 11:56:25,860] sd_webpage.py[line:34] INFO cookie_list:['ajs_anonymous_id=d7443b61-ad03-4f5d-b088-3eb207a0fd17', ' wordpress_test_cookie=WP%20Cookie%20check', ' wordpress_logged_in_701d13825842b70eaa1d312570482f15=xt%7C1687489423%7CjcRFkF0JJPT6J20hlBKtV3ylCzPzz2XkxKlQnfyW49w%7Cce56a16e6436e254cf1d16d59cd3b1105e8f11ef9dffbc71aa440e4f9c04957c', ' wp-settings-1=libraryContent%3Dbrowse%26mfold%3Do', ' wp-settings-time-1=1687316623']
[2023-06-21 11:56:25,862] sd_webpage.py[line:49] INFO user_name:xt
[2023-06-21 11:56:25,973] sd_webpage.py[line:34] INFO cookie_list:['ajs_anonymous_id=d7443b61-ad03-4f5d-b088-3eb207a0fd17', ' wordpress_test_cookie=WP%20Cookie%20check', ' wordpress_logged_in_701d13825842b70eaa1d312570482f15=xt%7C1687489423%7CjcRFkF0JJPT6J20hlBKtV3ylCzPzz2XkxKlQnfyW49w%7Cce56a16e6436e254cf1d16d59cd3b1105e8f11ef9dffbc71aa440e4f9c04957c', ' wp-settings-1=libraryContent%3Dbrowse%26mfold%3Do', ' wp-settings-time-1=1687316623']
[2023-06-21 11:56:25,976] sd_webpage.py[line:49] INFO user_name:xt
[2023-06-21 11:56:25,978] sd_webpage.py[line:68] INFO 收到生成任务: {"user_name": "xt", "params": {"pos_prompt": "(masterpiece, top quality, best quality, official art, beautiful and aesthetic:1.2), (1girl), extreme detailed,(fractal art:1.3),colorful,highest detailed", "neg_prompt": "", "model_name": "韩国女孩"}}
[2023-06-21 11:57:26,045] sd_webpage.py[line:113] ERROR 调用失败: {"user_name": "xt"}
[2023-06-21 13:41:35,460] sd_webpage.py[line:34] INFO cookie_list:['ajs_anonymous_id=d7443b61-ad03-4f5d-b088-3eb207a0fd17', ' wordpress_test_cookie=WP%20Cookie%20check', ' wordpress_logged_in_701d13825842b70eaa1d312570482f15=xt%7C1687489423%7CjcRFkF0JJPT6J20hlBKtV3ylCzPzz2XkxKlQnfyW49w%7Cce56a16e6436e254cf1d16d59cd3b1105e8f11ef9dffbc71aa440e4f9c04957c', ' wp-settings-1=libraryContent%3Dbrowse%26mfold%3Do', ' wp-settings-time-1=1687316623']
[2023-06-21 13:41:35,462] sd_webpage.py[line:49] INFO user_name:xt
[2023-06-21 13:41:50,297] sd_webpage.py[line:34] INFO cookie_list:['ajs_anonymous_id=d7443b61-ad03-4f5d-b088-3eb207a0fd17', ' wordpress_test_cookie=WP%20Cookie%20check', ' wordpress_logged_in_701d13825842b70eaa1d312570482f15=xt%7C1687489423%7CjcRFkF0JJPT6J20hlBKtV3ylCzPzz2XkxKlQnfyW49w%7Cce56a16e6436e254cf1d16d59cd3b1105e8f11ef9dffbc71aa440e4f9c04957c', ' wp-settings-1=libraryContent%3Dbrowse%26mfold%3Do', ' wp-settings-time-1=1687316623']
[2023-06-21 13:41:50,300] sd_webpage.py[line:49] INFO user_name:xt
[2023-06-21 13:41:55,564] sd_webpage.py[line:34] INFO cookie_list:['ajs_anonymous_id=d7443b61-ad03-4f5d-b088-3eb207a0fd17', ' wordpress_test_cookie=WP%20Cookie%20check', ' wordpress_logged_in_701d13825842b70eaa1d312570482f15=xt%7C1687489423%7CjcRFkF0JJPT6J20hlBKtV3ylCzPzz2XkxKlQnfyW49w%7Cce56a16e6436e254cf1d16d59cd3b1105e8f11ef9dffbc71aa440e4f9c04957c', ' wp-settings-1=libraryContent%3Dbrowse%26mfold%3Do', ' wp-settings-time-1=1687316623']
[2023-06-21 13:41:55,566] sd_webpage.py[line:49] INFO user_name:xt
[2023-06-21 13:41:57,581] sd_webpage.py[line:34] INFO cookie_list:['ajs_anonymous_id=d7443b61-ad03-4f5d-b088-3eb207a0fd17', ' wordpress_test_cookie=WP%20Cookie%20check', ' wordpress_logged_in_701d13825842b70eaa1d312570482f15=xt%7C1687489423%7CjcRFkF0JJPT6J20hlBKtV3ylCzPzz2XkxKlQnfyW49w%7Cce56a16e6436e254cf1d16d59cd3b1105e8f11ef9dffbc71aa440e4f9c04957c', ' wp-settings-1=libraryContent%3Dbrowse%26mfold%3Do', ' wp-settings-time-1=1687316623']
[2023-06-21 13:41:57,583] sd_webpage.py[line:49] INFO user_name:xt
[2023-06-21 13:41:57,585] sd_webpage.py[line:68] INFO 收到生成任务: {"user_name": "xt", "params": {"pos_prompt": "(masterpiece, top quality, best quality, official art, beautiful and aesthetic:1.2), (1girl), extreme detailed,(fractal art:1.3),colorful,highest detailed", "neg_prompt": "", "model_name": "韩国女孩"}}
[2023-06-21 13:42:39,335] sd_webpage.py[line:34] INFO cookie_list:['ajs_anonymous_id=d7443b61-ad03-4f5d-b088-3eb207a0fd17', ' wordpress_test_cookie=WP%20Cookie%20check', ' wordpress_logged_in_701d13825842b70eaa1d312570482f15=xt%7C1687489423%7CjcRFkF0JJPT6J20hlBKtV3ylCzPzz2XkxKlQnfyW49w%7Cce56a16e6436e254cf1d16d59cd3b1105e8f11ef9dffbc71aa440e4f9c04957c', ' wp-settings-1=libraryContent%3Dbrowse%26mfold%3Do', ' wp-settings-time-1=1687316623']
[2023-06-21 13:42:39,336] sd_webpage.py[line:49] INFO user_name:xt
[2023-06-21 13:46:07,725] sd_webpage.py[line:34] INFO cookie_list:['wordpress_test_cookie=WP%20Cookie%20check', ' wp_lang=zh_CN', ' ajs_anonymous_id=faf56cdb-dfb1-4d92-85b5-48907aec0729']
[2023-06-21 13:46:07,728] sd_webpage.py[line:49] INFO user_name:
[2023-06-21 13:47:02,002] sd_webpage.py[line:34] INFO cookie_list:['wordpress_test_cookie=WP%20Cookie%20check', ' wp_lang=zh_CN', ' ajs_anonymous_id=faf56cdb-dfb1-4d92-85b5-48907aec0729', ' wordpress_logged_in_701d13825842b70eaa1d312570482f15=xt%7C1687499179%7CoX5YpjwigZNC2rfimXwu5zK79rY8nNJeMVbJfzASLGm%7C25cbfe3947719d48d5004b66e31723cce5e6b72019e4c679ace316a13674b1dd', ' wp-settings-1=libraryContent%3Dbrowse%26mfold%3Do', ' wp-settings-time-1=1687326380']
[2023-06-21 13:47:02,004] sd_webpage.py[line:49] INFO user_name:xt
[2023-06-21 13:47:05,156] sd_webpage.py[line:34] INFO cookie_list:['ajs_anonymous_id=d7443b61-ad03-4f5d-b088-3eb207a0fd17', ' wordpress_test_cookie=WP%20Cookie%20check', ' wordpress_logged_in_701d13825842b70eaa1d312570482f15=xt%7C1687489423%7CjcRFkF0JJPT6J20hlBKtV3ylCzPzz2XkxKlQnfyW49w%7Cce56a16e6436e254cf1d16d59cd3b1105e8f11ef9dffbc71aa440e4f9c04957c', ' wp-settings-1=libraryContent%3Dbrowse%26mfold%3Do', ' wp-settings-time-1=1687316623']
[2023-06-21 13:47:05,158] sd_webpage.py[line:49] INFO user_name:xt
[2023-06-21 13:47:05,462] sd_webpage.py[line:34] INFO cookie_list:['ajs_anonymous_id=d7443b61-ad03-4f5d-b088-3eb207a0fd17', ' wordpress_test_cookie=WP%20Cookie%20check', ' wordpress_logged_in_701d13825842b70eaa1d312570482f15=xt%7C1687489423%7CjcRFkF0JJPT6J20hlBKtV3ylCzPzz2XkxKlQnfyW49w%7Cce56a16e6436e254cf1d16d59cd3b1105e8f11ef9dffbc71aa440e4f9c04957c', ' wp-settings-1=libraryContent%3Dbrowse%26mfold%3Do', ' wp-settings-time-1=1687316623']
[2023-06-21 13:47:05,464] sd_webpage.py[line:49] INFO user_name:xt
[2023-06-21 13:47:05,467] sd_webpage.py[line:68] INFO 收到生成任务: {"user_name": "xt", "params": {"pos_prompt": "1dog", "neg_prompt": "", "model_name": "韩国女孩"}}
[2023-06-21 13:47:26,079] sd_webpage.py[line:34] INFO cookie_list:['ajs_anonymous_id=d7443b61-ad03-4f5d-b088-3eb207a0fd17', ' wordpress_test_cookie=WP%20Cookie%20check', ' wordpress_logged_in_701d13825842b70eaa1d312570482f15=xt%7C1687489423%7CjcRFkF0JJPT6J20hlBKtV3ylCzPzz2XkxKlQnfyW49w%7Cce56a16e6436e254cf1d16d59cd3b1105e8f11ef9dffbc71aa440e4f9c04957c', ' wp-settings-1=libraryContent%3Dbrowse%26mfold%3Do', ' wp-settings-time-1=1687316623']
[2023-06-21 13:47:26,081] sd_webpage.py[line:49] INFO user_name:xt
[2023-06-21 13:48:15,543] sd_webpage.py[line:34] INFO cookie_list:['wordpress_test_cookie=WP%20Cookie%20check', ' wp_lang=zh_CN', ' ajs_anonymous_id=faf56cdb-dfb1-4d92-85b5-48907aec0729', ' wordpress_logged_in_701d13825842b70eaa1d312570482f15=xt%7C1687499179%7CoX5YpjwigZNC2rfimXwu5zK79rY8nNJeMVbJfzASLGm%7C25cbfe3947719d48d5004b66e31723cce5e6b72019e4c679ace316a13674b1dd', ' wp-settings-1=libraryContent%3Dbrowse%26mfold%3Do', ' wp-settings-time-1=1687326380']
[2023-06-21 13:48:15,545] sd_webpage.py[line:49] INFO user_name:xt
[2023-06-21 13:48:47,725] sd_webpage.py[line:34] INFO cookie_list:['wordpress_test_cookie=WP%20Cookie%20check', ' wp_lang=zh_CN', ' ajs_anonymous_id=faf56cdb-dfb1-4d92-85b5-48907aec0729', ' wordpress_logged_in_701d13825842b70eaa1d312570482f15=xt%7C1687499179%7CoX5YpjwigZNC2rfimXwu5zK79rY8nNJeMVbJfzASLGm%7C25cbfe3947719d48d5004b66e31723cce5e6b72019e4c679ace316a13674b1dd', ' wp-settings-1=libraryContent%3Dbrowse%26mfold%3Do', ' wp-settings-time-1=1687326380']
[2023-06-21 13:48:47,727] sd_webpage.py[line:49] INFO user_name:xt
[2023-06-21 13:49:21,385] sd_webpage.py[line:34] INFO cookie_list:['wordpress_test_cookie=WP%20Cookie%20check', ' wp_lang=zh_CN', ' ajs_anonymous_id=faf56cdb-dfb1-4d92-85b5-48907aec0729', ' wordpress_logged_in_701d13825842b70eaa1d312570482f15=xt%7C1687499179%7CoX5YpjwigZNC2rfimXwu5zK79rY8nNJeMVbJfzASLGm%7C25cbfe3947719d48d5004b66e31723cce5e6b72019e4c679ace316a13674b1dd', ' wp-settings-1=libraryContent%3Dbrowse%26mfold%3Do', ' wp-settings-time-1=1687326380']
[2023-06-21 13:49:21,386] sd_webpage.py[line:49] INFO user_name:xt
[2023-06-21 13:49:21,389] sd_webpage.py[line:68] INFO 收到生成任务: {"user_name": "xt", "params": {"pos_prompt": "complex 3d render ultra detailed of a beautiful porcelain profile woman android face, cyborg, robotic parts, 150 mm, beautiful studio soft light, rim light, vibrant details, luxurious cyberpunk, lace, hyperrealistic, anatomical, facial muscles, cable electric wires, microchip, elegant, beautiful background, octane render, H. R. Giger style, 8k, best quality, masterpiece, illustration, an extremely delicate and beautiful, extremely detailed ,CG ,unity ,wallpaper, (realistic, photo-realistic:1.37),Amazing, finely detail, masterpiece,best quality,official art, extremely detailed CG unity 8k wallpaper, absurdres, incredibly absurdres, <lora:japaneseDollLikeness_v10:0.1>, <lora:koreanDollLikeness_v10:0.5>, robot, silver halmet, full body, sitting", "neg_prompt": "illustration, 3d, sepia, painting, cartoons, sketch, (worst quality:2), (low quality:2), (normal quality:2), lowres, bad anatomy, bad hands, normal quality, ((monochrome)), ((grayscale:1.2)), futanari, full-package_futanari, penis_from_girl, newhalf, collapsed eyeshadow, multiple eyebrows, vaginas in breasts,holes on breasts, fleckles, stretched nipples, gigantic penis, nipples on buttocks, analog, analogphoto, signatre, logo,2 faces", "model_name": "韩国女孩"}}
[2023-06-21 13:50:31,406] sd_webpage.py[line:34] INFO cookie_list:['wordpress_test_cookie=WP%20Cookie%20check', ' wp_lang=zh_CN', ' ajs_anonymous_id=faf56cdb-dfb1-4d92-85b5-48907aec0729', ' wordpress_logged_in_701d13825842b70eaa1d312570482f15=xt%7C1687499179%7CoX5YpjwigZNC2rfimXwu5zK79rY8nNJeMVbJfzASLGm%7C25cbfe3947719d48d5004b66e31723cce5e6b72019e4c679ace316a13674b1dd', ' wp-settings-1=libraryContent%3Dbrowse%26mfold%3Do', ' wp-settings-time-1=1687326380']
[2023-06-21 13:50:31,408] sd_webpage.py[line:49] INFO user_name:xt
[2023-06-21 13:53:21,017] sd_webpage.py[line:34] INFO cookie_list:['ajs_anonymous_id=d7443b61-ad03-4f5d-b088-3eb207a0fd17', ' wordpress_test_cookie=WP%20Cookie%20check', ' wordpress_logged_in_701d13825842b70eaa1d312570482f15=xt%7C1687489423%7CjcRFkF0JJPT6J20hlBKtV3ylCzPzz2XkxKlQnfyW49w%7Cce56a16e6436e254cf1d16d59cd3b1105e8f11ef9dffbc71aa440e4f9c04957c', ' wp-settings-1=libraryContent%3Dbrowse%26mfold%3Do', ' wp-settings-time-1=1687316623']
[2023-06-21 13:53:21,019] sd_webpage.py[line:49] INFO user_name:xt
[2023-06-21 13:54:40,830] sd_webpage.py[line:34] INFO cookie_list:['wordpress_test_cookie=WP%20Cookie%20check', ' wordpress_logged_in_701d13825842b70eaa1d312570482f15=xt%7C1687499638%7C6v2zkI1m5EF71WzJ2p5id9Cq6aXaDSnlzzYgBB7lajt%7Cbbde50a7045ff07da885779bb8257dbbc7e5857d2326c7fc34977a79995efc9d', ' wp-settings-time-1=1687326852', ' wp-settings-1=libraryContent%3Dbrowse%26mfold%3Do']
[2023-06-21 13:54:40,832] sd_webpage.py[line:49] INFO user_name:xt
[2023-06-21 13:54:46,374] sd_webpage.py[line:34] INFO cookie_list:['wordpress_test_cookie=WP%20Cookie%20check', ' wordpress_logged_in_701d13825842b70eaa1d312570482f15=xt%7C1687499638%7C6v2zkI1m5EF71WzJ2p5id9Cq6aXaDSnlzzYgBB7lajt%7Cbbde50a7045ff07da885779bb8257dbbc7e5857d2326c7fc34977a79995efc9d', ' wp-settings-time-1=1687326852', ' wp-settings-1=libraryContent%3Dbrowse%26mfold%3Do']
[2023-06-21 13:54:46,376] sd_webpage.py[line:49] INFO user_name:xt
[2023-06-21 13:55:03,649] sd_webpage.py[line:34] INFO cookie_list:['wordpress_test_cookie=WP%20Cookie%20check', ' wordpress_logged_in_701d13825842b70eaa1d312570482f15=xt%7C1687499638%7C6v2zkI1m5EF71WzJ2p5id9Cq6aXaDSnlzzYgBB7lajt%7Cbbde50a7045ff07da885779bb8257dbbc7e5857d2326c7fc34977a79995efc9d', ' wp-settings-time-1=1687326852', ' wp-settings-1=libraryContent%3Dbrowse%26mfold%3Do']
[2023-06-21 13:55:03,651] sd_webpage.py[line:49] INFO user_name:xt
[2023-06-21 13:55:31,334] sd_webpage.py[line:34] INFO cookie_list:['wordpress_test_cookie=WP%20Cookie%20check', ' wordpress_logged_in_701d13825842b70eaa1d312570482f15=xt%7C1687499638%7C6v2zkI1m5EF71WzJ2p5id9Cq6aXaDSnlzzYgBB7lajt%7Cbbde50a7045ff07da885779bb8257dbbc7e5857d2326c7fc34977a79995efc9d', ' wp-settings-time-1=1687326852', ' wp-settings-1=libraryContent%3Dbrowse%26mfold%3Do']
[2023-06-21 13:55:31,336] sd_webpage.py[line:49] INFO user_name:xt
[2023-06-21 13:56:07,702] sd_webpage.py[line:34] INFO cookie_list:['wordpress_test_cookie=WP%20Cookie%20check', ' wordpress_logged_in_701d13825842b70eaa1d312570482f15=xt%7C1687499638%7C6v2zkI1m5EF71WzJ2p5id9Cq6aXaDSnlzzYgBB7lajt%7Cbbde50a7045ff07da885779bb8257dbbc7e5857d2326c7fc34977a79995efc9d', ' wp-settings-time-1=1687326852', ' wp-settings-1=libraryContent%3Dbrowse%26mfold%3Do']
[2023-06-21 13:56:07,704] sd_webpage.py[line:49] INFO user_name:xt
[2023-06-21 13:56:28,981] sd_webpage.py[line:34] INFO cookie_list:['wordpress_test_cookie=WP%20Cookie%20check', ' wordpress_logged_in_701d13825842b70eaa1d312570482f15=xt%7C1687499638%7C6v2zkI1m5EF71WzJ2p5id9Cq6aXaDSnlzzYgBB7lajt%7Cbbde50a7045ff07da885779bb8257dbbc7e5857d2326c7fc34977a79995efc9d', ' wp-settings-time-1=1687326852', ' wp-settings-1=libraryContent%3Dbrowse%26mfold%3Do']
[2023-06-21 13:56:28,984] sd_webpage.py[line:49] INFO user_name:xt
[2023-06-21 13:56:36,057] sd_webpage.py[line:34] INFO cookie_list:['wordpress_test_cookie=WP%20Cookie%20check', ' wordpress_logged_in_701d13825842b70eaa1d312570482f15=xt%7C1687499638%7C6v2zkI1m5EF71WzJ2p5id9Cq6aXaDSnlzzYgBB7lajt%7Cbbde50a7045ff07da885779bb8257dbbc7e5857d2326c7fc34977a79995efc9d', ' wp-settings-time-1=1687326852', ' wp-settings-1=libraryContent%3Dbrowse%26mfold%3Do']
[2023-06-21 13:56:36,058] sd_webpage.py[line:49] INFO user_name:xt
[2023-06-21 13:57:18,917] sd_webpage.py[line:34] INFO cookie_list:['wordpress_test_cookie=WP%20Cookie%20check', ' wordpress_logged_in_701d13825842b70eaa1d312570482f15=xt%7C1687499638%7C6v2zkI1m5EF71WzJ2p5id9Cq6aXaDSnlzzYgBB7lajt%7Cbbde50a7045ff07da885779bb8257dbbc7e5857d2326c7fc34977a79995efc9d', ' wp-settings-time-1=1687326852', ' wp-settings-1=libraryContent%3Dbrowse%26mfold%3Do']
[2023-06-21 13:57:18,920] sd_webpage.py[line:49] INFO user_name:xt
[2023-06-21 13:57:19,019] sd_webpage.py[line:34] INFO cookie_list:['wordpress_test_cookie=WP%20Cookie%20check', ' wordpress_logged_in_701d13825842b70eaa1d312570482f15=xt%7C1687499638%7C6v2zkI1m5EF71WzJ2p5id9Cq6aXaDSnlzzYgBB7lajt%7Cbbde50a7045ff07da885779bb8257dbbc7e5857d2326c7fc34977a79995efc9d', ' wp-settings-time-1=1687326852', ' wp-settings-1=libraryContent%3Dbrowse%26mfold%3Do']
[2023-06-21 13:57:19,023] sd_webpage.py[line:49] INFO user_name:xt
[2023-06-21 13:57:19,026] sd_webpage.py[line:68] INFO 收到生成任务: {"user_name": "xt", "params": {"pos_prompt": "a photo of a girl profile with eyes visible through hair under blue sky", "neg_prompt": "", "model_name": "韩国女孩"}}
[2023-06-21 13:58:42,448] sd_webpage.py[line:34] INFO cookie_list:['wordpress_test_cookie=WP%20Cookie%20check', ' wordpress_logged_in_701d13825842b70eaa1d312570482f15=xt%7C1687499638%7C6v2zkI1m5EF71WzJ2p5id9Cq6aXaDSnlzzYgBB7lajt%7Cbbde50a7045ff07da885779bb8257dbbc7e5857d2326c7fc34977a79995efc9d', ' wp-settings-time-1=1687326852', ' wp-settings-1=libraryContent%3Dbrowse%26mfold%3Do', ' ajs_anonymous_id=de5b5ef1-3b14-4274-b4a5-2cd24aaf1cd2']
[2023-06-21 13:58:42,449] sd_webpage.py[line:49] INFO user_name:xt
[2023-06-21 14:14:00,015] sd_webpage.py[line:34] INFO cookie_list:['ajs_anonymous_id=d7443b61-ad03-4f5d-b088-3eb207a0fd17', ' wordpress_test_cookie=WP%20Cookie%20check', ' wordpress_logged_in_701d13825842b70eaa1d312570482f15=xt%7C1687489423%7CjcRFkF0JJPT6J20hlBKtV3ylCzPzz2XkxKlQnfyW49w%7Cce56a16e6436e254cf1d16d59cd3b1105e8f11ef9dffbc71aa440e4f9c04957c', ' wp-settings-1=libraryContent%3Dbrowse%26mfold%3Do', ' wp-settings-time-1=1687316623']
[2023-06-21 14:14:00,017] sd_webpage.py[line:49] INFO user_name:xt
[2023-06-21 14:14:16,997] sd_webpage.py[line:34] INFO cookie_list:['ajs_anonymous_id=d7443b61-ad03-4f5d-b088-3eb207a0fd17', ' wordpress_test_cookie=WP%20Cookie%20check', ' wordpress_logged_in_701d13825842b70eaa1d312570482f15=xt%7C1687489423%7CjcRFkF0JJPT6J20hlBKtV3ylCzPzz2XkxKlQnfyW49w%7Cce56a16e6436e254cf1d16d59cd3b1105e8f11ef9dffbc71aa440e4f9c04957c', ' wp-settings-1=libraryContent%3Dbrowse%26mfold%3Do', ' wp-settings-time-1=1687316623']
[2023-06-21 14:14:16,999] sd_webpage.py[line:49] INFO user_name:xt
[2023-06-21 14:14:18,689] sd_webpage.py[line:34] INFO cookie_list:['ajs_anonymous_id=d7443b61-ad03-4f5d-b088-3eb207a0fd17', ' wordpress_test_cookie=WP%20Cookie%20check', ' wordpress_logged_in_701d13825842b70eaa1d312570482f15=xt%7C1687489423%7CjcRFkF0JJPT6J20hlBKtV3ylCzPzz2XkxKlQnfyW49w%7Cce56a16e6436e254cf1d16d59cd3b1105e8f11ef9dffbc71aa440e4f9c04957c', ' wp-settings-1=libraryContent%3Dbrowse%26mfold%3Do', ' wp-settings-time-1=1687316623']
[2023-06-21 14:14:18,691] sd_webpage.py[line:49] INFO user_name:xt
[2023-06-21 14:22:41,271] sd_webpage.py[line:34] INFO cookie_list:['ajs_anonymous_id=d7443b61-ad03-4f5d-b088-3eb207a0fd17', ' wordpress_test_cookie=WP%20Cookie%20check', ' wordpress_logged_in_701d13825842b70eaa1d312570482f15=xt%7C1687489423%7CjcRFkF0JJPT6J20hlBKtV3ylCzPzz2XkxKlQnfyW49w%7Cce56a16e6436e254cf1d16d59cd3b1105e8f11ef9dffbc71aa440e4f9c04957c', ' wp-settings-1=libraryContent%3Dbrowse%26mfold%3Do', ' wp-settings-time-1=1687316623']
[2023-06-21 14:22:41,274] sd_webpage.py[line:49] INFO user_name:xt
[2023-06-21 14:23:10,593] sd_webpage.py[line:34] INFO cookie_list:['ajs_anonymous_id=d7443b61-ad03-4f5d-b088-3eb207a0fd17', ' wordpress_test_cookie=WP%20Cookie%20check', ' wordpress_logged_in_701d13825842b70eaa1d312570482f15=xt%7C1687489423%7CjcRFkF0JJPT6J20hlBKtV3ylCzPzz2XkxKlQnfyW49w%7Cce56a16e6436e254cf1d16d59cd3b1105e8f11ef9dffbc71aa440e4f9c04957c', ' wp-settings-1=libraryContent%3Dbrowse%26mfold%3Do', ' wp-settings-time-1=1687316623']
[2023-06-21 14:23:10,595] sd_webpage.py[line:49] INFO user_name:xt
[2023-06-21 14:24:21,002] sd_webpage.py[line:34] INFO cookie_list:['wordpress_test_cookie=WP%20Cookie%20check', ' wordpress_logged_in_701d13825842b70eaa1d312570482f15=xt%7C1687499638%7C6v2zkI1m5EF71WzJ2p5id9Cq6aXaDSnlzzYgBB7lajt%7Cbbde50a7045ff07da885779bb8257dbbc7e5857d2326c7fc34977a79995efc9d', ' wp-settings-time-1=1687326852', ' wp-settings-1=libraryContent%3Dbrowse%26mfold%3Do', ' ajs_anonymous_id=de5b5ef1-3b14-4274-b4a5-2cd24aaf1cd2']
[2023-06-21 14:24:21,004] sd_webpage.py[line:49] INFO user_name:xt
[2023-06-21 14:28:43,427] sd_webpage.py[line:34] INFO cookie_list:['ajs_anonymous_id=d7443b61-ad03-4f5d-b088-3eb207a0fd17', ' wordpress_test_cookie=WP%20Cookie%20check', ' wordpress_logged_in_701d13825842b70eaa1d312570482f15=xt%7C1687489423%7CjcRFkF0JJPT6J20hlBKtV3ylCzPzz2XkxKlQnfyW49w%7Cce56a16e6436e254cf1d16d59cd3b1105e8f11ef9dffbc71aa440e4f9c04957c', ' wp-settings-1=libraryContent%3Dbrowse%26mfold%3Do', ' wp-settings-time-1=1687316623']
[2023-06-21 14:28:43,428] sd_webpage.py[line:49] INFO user_name:xt
[2023-06-21 14:35:39,507] sd_webpage.py[line:34] INFO cookie_list:['wordpress_test_cookie=WP%20Cookie%20check', ' wordpress_logged_in_701d13825842b70eaa1d312570482f15=xt%7C1687499638%7C6v2zkI1m5EF71WzJ2p5id9Cq6aXaDSnlzzYgBB7lajt%7Cbbde50a7045ff07da885779bb8257dbbc7e5857d2326c7fc34977a79995efc9d', ' wp-settings-time-1=1687326852', ' wp-settings-1=libraryContent%3Dbrowse%26mfold%3Do', ' ajs_anonymous_id=de5b5ef1-3b14-4274-b4a5-2cd24aaf1cd2']
[2023-06-21 14:35:39,509] sd_webpage.py[line:49] INFO user_name:xt
[2023-06-21 15:38:20,942] sd_webpage.py[line:34] INFO cookie_list:['ajs_anonymous_id=d7443b61-ad03-4f5d-b088-3eb207a0fd17', ' wordpress_test_cookie=WP%20Cookie%20check', ' wordpress_logged_in_701d13825842b70eaa1d312570482f15=xt%7C1687489423%7CjcRFkF0JJPT6J20hlBKtV3ylCzPzz2XkxKlQnfyW49w%7Cce56a16e6436e254cf1d16d59cd3b1105e8f11ef9dffbc71aa440e4f9c04957c', ' wp-settings-1=libraryContent%3Dbrowse%26mfold%3Do', ' wp-settings-time-1=1687316623']
[2023-06-21 15:38:20,946] sd_webpage.py[line:49] INFO user_name:xt
[2023-06-21 16:10:58,185] sd_webpage.py[line:34] INFO cookie_list:['wordpress_test_cookie=WP%20Cookie%20check', ' wp_lang=zh_CN', ' ajs_anonymous_id=faf56cdb-dfb1-4d92-85b5-48907aec0729', ' wordpress_logged_in_701d13825842b70eaa1d312570482f15=xt%7C1687499179%7CoX5YpjwigZNC2rfimXwu5zK79rY8nNJeMVbJfzASLGm%7C25cbfe3947719d48d5004b66e31723cce5e6b72019e4c679ace316a13674b1dd', ' wp-settings-1=libraryContent%3Dbrowse%26mfold%3Do', ' wp-settings-time-1=1687326380']
[2023-06-21 16:10:58,187] sd_webpage.py[line:49] INFO user_name:xt
[2023-06-21 16:35:51,900] sd_webpage.py[line:34] INFO cookie_list:['wordpress_test_cookie=WP%20Cookie%20check', ' wp_lang=zh_CN', ' ajs_anonymous_id=faf56cdb-dfb1-4d92-85b5-48907aec0729', ' wordpress_logged_in_701d13825842b70eaa1d312570482f15=xt%7C1687499179%7CoX5YpjwigZNC2rfimXwu5zK79rY8nNJeMVbJfzASLGm%7C25cbfe3947719d48d5004b66e31723cce5e6b72019e4c679ace316a13674b1dd', ' wp-settings-1=libraryContent%3Dbrowse%26mfold%3Do', ' wp-settings-time-1=1687326380']
[2023-06-21 16:35:51,902] sd_webpage.py[line:49] INFO user_name:xt
[2023-06-21 16:36:12,490] sd_webpage.py[line:34] INFO cookie_list:['wordpress_test_cookie=WP%20Cookie%20check', ' wp_lang=zh_CN', ' ajs_anonymous_id=faf56cdb-dfb1-4d92-85b5-48907aec0729', ' wordpress_logged_in_701d13825842b70eaa1d312570482f15=xt%7C1687499179%7CoX5YpjwigZNC2rfimXwu5zK79rY8nNJeMVbJfzASLGm%7C25cbfe3947719d48d5004b66e31723cce5e6b72019e4c679ace316a13674b1dd', ' wp-settings-1=libraryContent%3Dbrowse%26mfold%3Do', ' wp-settings-time-1=1687326380']
[2023-06-21 16:36:12,493] sd_webpage.py[line:49] INFO user_name:xt
[2023-06-21 16:36:18,790] sd_webpage.py[line:34] INFO cookie_list:['wordpress_test_cookie=WP%20Cookie%20check', ' wp_lang=zh_CN', ' ajs_anonymous_id=faf56cdb-dfb1-4d92-85b5-48907aec0729', ' wordpress_logged_in_701d13825842b70eaa1d312570482f15=xt%7C1687499179%7CoX5YpjwigZNC2rfimXwu5zK79rY8nNJeMVbJfzASLGm%7C25cbfe3947719d48d5004b66e31723cce5e6b72019e4c679ace316a13674b1dd', ' wp-settings-1=libraryContent%3Dbrowse%26mfold%3Do', ' wp-settings-time-1=1687326380']
[2023-06-21 16:36:18,792] sd_webpage.py[line:49] INFO user_name:xt
[2023-06-21 16:36:23,645] sd_webpage.py[line:34] INFO cookie_list:['wordpress_test_cookie=WP%20Cookie%20check', ' wp_lang=zh_CN', ' ajs_anonymous_id=faf56cdb-dfb1-4d92-85b5-48907aec0729', ' wordpress_logged_in_701d13825842b70eaa1d312570482f15=xt%7C1687499179%7CoX5YpjwigZNC2rfimXwu5zK79rY8nNJeMVbJfzASLGm%7C25cbfe3947719d48d5004b66e31723cce5e6b72019e4c679ace316a13674b1dd', ' wp-settings-1=libraryContent%3Dbrowse%26mfold%3Do', ' wp-settings-time-1=1687326380']
[2023-06-21 16:36:23,647] sd_webpage.py[line:49] INFO user_name:xt
[2023-06-21 16:36:23,660] sd_webpage.py[line:34] INFO cookie_list:['wordpress_test_cookie=WP%20Cookie%20check', ' wp_lang=zh_CN', ' ajs_anonymous_id=faf56cdb-dfb1-4d92-85b5-48907aec0729', ' wordpress_logged_in_701d13825842b70eaa1d312570482f15=xt%7C1687499179%7CoX5YpjwigZNC2rfimXwu5zK79rY8nNJeMVbJfzASLGm%7C25cbfe3947719d48d5004b66e31723cce5e6b72019e4c679ace316a13674b1dd', ' wp-settings-1=libraryContent%3Dbrowse%26mfold%3Do', ' wp-settings-time-1=1687326380']
[2023-06-21 16:36:23,662] sd_webpage.py[line:49] INFO user_name:xt
[2023-06-21 16:36:23,705] sd_webpage.py[line:68] INFO 收到生成任务: {"user_name": "xt", "params": {"pos_prompt": "1312312", "neg_prompt": "123", "model_name": "韩国女孩"}}
[2023-06-21 17:06:13,995] sd_webpage.py[line:34] INFO cookie_list:['wordpress_test_cookie=WP%20Cookie%20check', ' wp_lang=zh_CN', ' ajs_anonymous_id=faf56cdb-dfb1-4d92-85b5-48907aec0729', ' wordpress_logged_in_701d13825842b70eaa1d312570482f15=xt%7C1687499179%7CoX5YpjwigZNC2rfimXwu5zK79rY8nNJeMVbJfzASLGm%7C25cbfe3947719d48d5004b66e31723cce5e6b72019e4c679ace316a13674b1dd', ' wp-settings-1=libraryContent%3Dbrowse%26mfold%3Do', ' wp-settings-time-1=1687326380']
[2023-06-21 17:06:14,055] sd_webpage.py[line:49] INFO user_name:xt
[2023-06-21 17:07:05,366] sd_webpage.py[line:34] INFO cookie_list:['wordpress_test_cookie=WP%20Cookie%20check', ' wordpress_logged_in_701d13825842b70eaa1d312570482f15=xt%7C1687499638%7C6v2zkI1m5EF71WzJ2p5id9Cq6aXaDSnlzzYgBB7lajt%7Cbbde50a7045ff07da885779bb8257dbbc7e5857d2326c7fc34977a79995efc9d', ' wp-settings-time-1=1687326852', ' wp-settings-1=libraryContent%3Dbrowse%26mfold%3Do', ' ajs_anonymous_id=de5b5ef1-3b14-4274-b4a5-2cd24aaf1cd2']
[2023-06-21 17:07:05,369] sd_webpage.py[line:49] INFO user_name:xt
[2023-06-21 17:07:35,978] sd_webpage.py[line:34] INFO cookie_list:['wordpress_test_cookie=WP%20Cookie%20check', ' wp_lang=zh_CN', ' ajs_anonymous_id=faf56cdb-dfb1-4d92-85b5-48907aec0729', ' wordpress_logged_in_701d13825842b70eaa1d312570482f15=xt%7C1687499179%7CoX5YpjwigZNC2rfimXwu5zK79rY8nNJeMVbJfzASLGm%7C25cbfe3947719d48d5004b66e31723cce5e6b72019e4c679ace316a13674b1dd', ' wp-settings-1=libraryContent%3Dbrowse%26mfold%3Do', ' wp-settings-time-1=1687326380']
[2023-06-21 17:07:35,980] sd_webpage.py[line:49] INFO user_name:xt
