[2023-06-20 21:58:11,744] decorator.py[line:24] ERROR Traceback (most recent call last):
  File "/Users/chenxutong/Documents/file/work/workspace/sdtest/utils/decorator.py", line 22, in wrapper
    return func(*args, **kargs)
  File "/Users/chenxutong/Documents/file/work/workspace/sdtest/web/python_template_server.py", line 134, in submit_task
    isOk, msg = check_username(user_name)
TypeError: cannot unpack non-iterable bool object

[2023-06-20 21:58:21,263] decorator.py[line:24] ERROR Traceback (most recent call last):
  File "/Users/chenxutong/Documents/file/work/workspace/sdtest/utils/decorator.py", line 22, in wrapper
    return func(*args, **kargs)
  File "/Users/chenxutong/Documents/file/work/workspace/sdtest/web/python_template_server.py", line 134, in submit_task
    isOk, msg = check_username(user_name)
TypeError: cannot unpack non-iterable bool object

[2023-06-20 21:58:22,638] decorator.py[line:24] ERROR Traceback (most recent call last):
  File "/Users/chenxutong/Documents/file/work/workspace/sdtest/utils/decorator.py", line 22, in wrapper
    return func(*args, **kargs)
  File "/Users/chenxutong/Documents/file/work/workspace/sdtest/web/python_template_server.py", line 134, in submit_task
    isOk, msg = check_username(user_name)
TypeError: cannot unpack non-iterable bool object

[2023-06-20 21:58:23,259] decorator.py[line:24] ERROR Traceback (most recent call last):
  File "/Users/chenxutong/Documents/file/work/workspace/sdtest/utils/decorator.py", line 22, in wrapper
    return func(*args, **kargs)
  File "/Users/chenxutong/Documents/file/work/workspace/sdtest/web/python_template_server.py", line 134, in submit_task
    isOk, msg = check_username(user_name)
TypeError: cannot unpack non-iterable bool object

[2023-06-20 21:58:23,839] decorator.py[line:24] ERROR Traceback (most recent call last):
  File "/Users/chenxutong/Documents/file/work/workspace/sdtest/utils/decorator.py", line 22, in wrapper
    return func(*args, **kargs)
  File "/Users/chenxutong/Documents/file/work/workspace/sdtest/web/python_template_server.py", line 134, in submit_task
    isOk, msg = check_username(user_name)
TypeError: cannot unpack non-iterable bool object

[2023-06-20 21:58:25,027] decorator.py[line:24] ERROR Traceback (most recent call last):
  File "/Users/chenxutong/Documents/file/work/workspace/sdtest/utils/decorator.py", line 22, in wrapper
    return func(*args, **kargs)
  File "/Users/chenxutong/Documents/file/work/workspace/sdtest/web/python_template_server.py", line 134, in submit_task
    isOk, msg = check_username(user_name)
TypeError: cannot unpack non-iterable bool object

[2023-06-20 21:58:26,111] decorator.py[line:24] ERROR Traceback (most recent call last):
  File "/Users/chenxutong/Documents/file/work/workspace/sdtest/utils/decorator.py", line 22, in wrapper
    return func(*args, **kargs)
  File "/Users/chenxutong/Documents/file/work/workspace/sdtest/web/python_template_server.py", line 134, in submit_task
    isOk, msg = check_username(user_name)
TypeError: cannot unpack non-iterable bool object

[2023-06-20 21:58:26,754] decorator.py[line:24] ERROR Traceback (most recent call last):
  File "/Users/chenxutong/Documents/file/work/workspace/sdtest/utils/decorator.py", line 22, in wrapper
    return func(*args, **kargs)
  File "/Users/chenxutong/Documents/file/work/workspace/sdtest/web/python_template_server.py", line 134, in submit_task
    isOk, msg = check_username(user_name)
TypeError: cannot unpack non-iterable bool object

[2023-06-20 21:58:27,426] decorator.py[line:24] ERROR Traceback (most recent call last):
  File "/Users/chenxutong/Documents/file/work/workspace/sdtest/utils/decorator.py", line 22, in wrapper
    return func(*args, **kargs)
  File "/Users/chenxutong/Documents/file/work/workspace/sdtest/web/python_template_server.py", line 134, in submit_task
    isOk, msg = check_username(user_name)
TypeError: cannot unpack non-iterable bool object

[2023-06-20 21:58:28,500] decorator.py[line:24] ERROR Traceback (most recent call last):
  File "/Users/chenxutong/Documents/file/work/workspace/sdtest/utils/decorator.py", line 22, in wrapper
    return func(*args, **kargs)
  File "/Users/chenxutong/Documents/file/work/workspace/sdtest/web/python_template_server.py", line 134, in submit_task
    isOk, msg = check_username(user_name)
TypeError: cannot unpack non-iterable bool object

[2023-06-20 21:58:29,836] decorator.py[line:24] ERROR Traceback (most recent call last):
  File "/Users/chenxutong/Documents/file/work/workspace/sdtest/utils/decorator.py", line 22, in wrapper
    return func(*args, **kargs)
  File "/Users/chenxutong/Documents/file/work/workspace/sdtest/web/python_template_server.py", line 134, in submit_task
    isOk, msg = check_username(user_name)
TypeError: cannot unpack non-iterable bool object

[2023-06-20 21:58:30,819] decorator.py[line:24] ERROR Traceback (most recent call last):
  File "/Users/chenxutong/Documents/file/work/workspace/sdtest/utils/decorator.py", line 22, in wrapper
    return func(*args, **kargs)
  File "/Users/chenxutong/Documents/file/work/workspace/sdtest/web/python_template_server.py", line 134, in submit_task
    isOk, msg = check_username(user_name)
TypeError: cannot unpack non-iterable bool object

[2023-06-20 22:01:46,232] decorator.py[line:24] ERROR Traceback (most recent call last):
  File "/Users/chenxutong/Documents/file/work/workspace/sdtest/utils/decorator.py", line 22, in wrapper
    return func(*args, **kargs)
  File "/Users/chenxutong/Documents/file/work/workspace/sdtest/web/python_template_server.py", line 134, in submit_task
    isOk, msg = check_username(user_name)
TypeError: cannot unpack non-iterable bool object

[2023-06-20 22:02:14,208] decorator.py[line:24] ERROR Traceback (most recent call last):
  File "/Users/chenxutong/Documents/file/work/workspace/sdtest/utils/decorator.py", line 22, in wrapper
    return func(*args, **kargs)
  File "/Users/chenxutong/Documents/file/work/workspace/sdtest/web/python_template_server.py", line 134, in submit_task
    isOk, msg = check_username(user_name)
TypeError: cannot unpack non-iterable bool object

[2023-06-20 22:02:22,658] decorator.py[line:24] ERROR Traceback (most recent call last):
  File "/Users/chenxutong/Documents/file/work/workspace/sdtest/utils/decorator.py", line 22, in wrapper
    return func(*args, **kargs)
  File "/Users/chenxutong/Documents/file/work/workspace/sdtest/web/python_template_server.py", line 134, in submit_task
    isOk, msg = check_username(user_name)
TypeError: cannot unpack non-iterable bool object

[2023-06-20 22:02:34,612] decorator.py[line:24] ERROR Traceback (most recent call last):
  File "/Users/chenxutong/Documents/file/work/workspace/sdtest/utils/decorator.py", line 22, in wrapper
    return func(*args, **kargs)
  File "/Users/chenxutong/Documents/file/work/workspace/sdtest/web/python_template_server.py", line 134, in submit_task
    isOk, msg = check_username(user_name)
TypeError: cannot unpack non-iterable bool object

