[2023-06-20 21:33:22,238] python_template_server.py[line:124] INFO submit_task: {'user_name': '', 'params': {'pos_prompt': '111111111111111', 'neg_prompt': '', 'model_name': '韩国女孩'}}
[2023-06-20 21:35:45,066] python_template_server.py[line:124] INFO submit_task: {'user_name': '', 'params': {'pos_prompt': '111111111111111', 'neg_prompt': '', 'model_name': '韩国女孩'}}
[2023-06-20 21:35:50,563] python_template_server.py[line:112] INFO user_true_check:()
[2023-06-20 21:41:27,941] python_template_server.py[line:128] INFO submit_task: {'user_name': '', 'params': {'pos_prompt': '111111111111111', 'neg_prompt': '', 'model_name': '韩国女孩'}}
[2023-06-20 21:41:33,833] python_template_server.py[line:113] INFO user_true_check:()
[2023-06-20 21:42:14,439] python_template_server.py[line:128] INFO submit_task: {'user_name': '', 'params': {'pos_prompt': '111111111111111', 'neg_prompt': '', 'model_name': '韩国女孩'}}
[2023-06-20 21:42:18,498] python_template_server.py[line:113] INFO user_true_check:()
[2023-06-20 21:43:01,455] python_template_server.py[line:128] INFO submit_task: {'user_name': '', 'params': {'pos_prompt': '111111111111111', 'neg_prompt': '', 'model_name': '韩国女孩'}}
[2023-06-20 21:43:04,638] python_template_server.py[line:113] INFO user_true_check:()
[2023-06-20 21:55:58,544] python_template_server.py[line:153] INFO task_list_query: {'user_name': ''}
[2023-06-20 21:56:27,791] python_template_server.py[line:153] INFO task_list_query: {'user_name': ''}
[2023-06-20 21:56:31,781] python_template_server.py[line:153] INFO task_list_query: {'user_name': ''}
[2023-06-20 21:56:32,676] python_template_server.py[line:153] INFO task_list_query: {'user_name': ''}
[2023-06-20 21:56:38,774] python_template_server.py[line:153] INFO task_list_query: {'user_name': ''}
[2023-06-20 21:57:54,484] python_template_server.py[line:153] INFO task_list_query: {'user_name': ''}
[2023-06-20 21:57:54,492] python_template_server.py[line:161] INFO res:[[4, '', '{"user_name": "", "params": {"pos_prompt": "11111111111", "neg_prompt": "", "model_name": "韩国女孩"}}', '', 0, '2023-06-20 21:20:44', '2023-06-20 21:20:44'], [3, '', '{"user_name": "", "params": {"pos_prompt": "11111111111", "neg_prompt": "", "model_name": "韩国女孩"}}', '', 0, '2023-06-20 21:19:02', '2023-06-20 21:19:02']]
[2023-06-20 21:58:11,631] python_template_server.py[line:153] INFO task_list_query: {'user_name': ''}
[2023-06-20 21:58:11,640] python_template_server.py[line:161] INFO res:[[4, '', '{"user_name": "", "params": {"pos_prompt": "11111111111", "neg_prompt": "", "model_name": "韩国女孩"}}', '', 0, '2023-06-20 21:20:44', '2023-06-20 21:20:44'], [3, '', '{"user_name": "", "params": {"pos_prompt": "11111111111", "neg_prompt": "", "model_name": "韩国女孩"}}', '', 0, '2023-06-20 21:19:02', '2023-06-20 21:19:02']]
[2023-06-20 21:58:11,728] python_template_server.py[line:131] INFO submit_task: {'user_name': '', 'params': {'pos_prompt': '12321313', 'neg_prompt': '', 'model_name': '韩国女孩'}}
[2023-06-20 21:58:11,736] python_template_server.py[line:113] INFO user_true_check:()
[2023-06-20 21:58:11,743] python_template_server.py[line:118] INFO user_num_check:((0,),)
[2023-06-20 21:58:11,828] python_template_server.py[line:153] INFO task_list_query: {'user_name': ''}
[2023-06-20 21:58:11,834] python_template_server.py[line:161] INFO res:[[4, '', '{"user_name": "", "params": {"pos_prompt": "11111111111", "neg_prompt": "", "model_name": "韩国女孩"}}', '', 0, '2023-06-20 21:20:44', '2023-06-20 21:20:44'], [3, '', '{"user_name": "", "params": {"pos_prompt": "11111111111", "neg_prompt": "", "model_name": "韩国女孩"}}', '', 0, '2023-06-20 21:19:02', '2023-06-20 21:19:02']]
[2023-06-20 21:58:21,245] python_template_server.py[line:131] INFO submit_task: {'user_name': '', 'params': {'pos_prompt': '12321313', 'neg_prompt': '', 'model_name': '韩国女孩'}}
[2023-06-20 21:58:21,255] python_template_server.py[line:113] INFO user_true_check:()
[2023-06-20 21:58:21,263] python_template_server.py[line:118] INFO user_num_check:((0,),)
[2023-06-20 21:58:21,330] python_template_server.py[line:153] INFO task_list_query: {'user_name': ''}
[2023-06-20 21:58:21,337] python_template_server.py[line:161] INFO res:[[4, '', '{"user_name": "", "params": {"pos_prompt": "11111111111", "neg_prompt": "", "model_name": "韩国女孩"}}', '', 0, '2023-06-20 21:20:44', '2023-06-20 21:20:44'], [3, '', '{"user_name": "", "params": {"pos_prompt": "11111111111", "neg_prompt": "", "model_name": "韩国女孩"}}', '', 0, '2023-06-20 21:19:02', '2023-06-20 21:19:02']]
[2023-06-20 21:58:22,626] python_template_server.py[line:131] INFO submit_task: {'user_name': '', 'params': {'pos_prompt': '12321313', 'neg_prompt': '', 'model_name': '韩国女孩'}}
[2023-06-20 21:58:22,633] python_template_server.py[line:113] INFO user_true_check:()
[2023-06-20 21:58:22,638] python_template_server.py[line:118] INFO user_num_check:((0,),)
[2023-06-20 21:58:22,704] python_template_server.py[line:153] INFO task_list_query: {'user_name': ''}
[2023-06-20 21:58:22,711] python_template_server.py[line:161] INFO res:[[4, '', '{"user_name": "", "params": {"pos_prompt": "11111111111", "neg_prompt": "", "model_name": "韩国女孩"}}', '', 0, '2023-06-20 21:20:44', '2023-06-20 21:20:44'], [3, '', '{"user_name": "", "params": {"pos_prompt": "11111111111", "neg_prompt": "", "model_name": "韩国女孩"}}', '', 0, '2023-06-20 21:19:02', '2023-06-20 21:19:02']]
[2023-06-20 21:58:23,242] python_template_server.py[line:131] INFO submit_task: {'user_name': '', 'params': {'pos_prompt': '12321313', 'neg_prompt': '', 'model_name': '韩国女孩'}}
[2023-06-20 21:58:23,251] python_template_server.py[line:113] INFO user_true_check:()
[2023-06-20 21:58:23,259] python_template_server.py[line:118] INFO user_num_check:((0,),)
[2023-06-20 21:58:23,324] python_template_server.py[line:153] INFO task_list_query: {'user_name': ''}
[2023-06-20 21:58:23,330] python_template_server.py[line:161] INFO res:[[4, '', '{"user_name": "", "params": {"pos_prompt": "11111111111", "neg_prompt": "", "model_name": "韩国女孩"}}', '', 0, '2023-06-20 21:20:44', '2023-06-20 21:20:44'], [3, '', '{"user_name": "", "params": {"pos_prompt": "11111111111", "neg_prompt": "", "model_name": "韩国女孩"}}', '', 0, '2023-06-20 21:19:02', '2023-06-20 21:19:02']]
[2023-06-20 21:58:23,827] python_template_server.py[line:131] INFO submit_task: {'user_name': '', 'params': {'pos_prompt': '12321313', 'neg_prompt': '', 'model_name': '韩国女孩'}}
[2023-06-20 21:58:23,835] python_template_server.py[line:113] INFO user_true_check:()
[2023-06-20 21:58:23,839] python_template_server.py[line:118] INFO user_num_check:((0,),)
[2023-06-20 21:58:23,903] python_template_server.py[line:153] INFO task_list_query: {'user_name': ''}
[2023-06-20 21:58:23,912] python_template_server.py[line:161] INFO res:[[4, '', '{"user_name": "", "params": {"pos_prompt": "11111111111", "neg_prompt": "", "model_name": "韩国女孩"}}', '', 0, '2023-06-20 21:20:44', '2023-06-20 21:20:44'], [3, '', '{"user_name": "", "params": {"pos_prompt": "11111111111", "neg_prompt": "", "model_name": "韩国女孩"}}', '', 0, '2023-06-20 21:19:02', '2023-06-20 21:19:02']]
[2023-06-20 21:58:25,012] python_template_server.py[line:131] INFO submit_task: {'user_name': '', 'params': {'pos_prompt': '12321313', 'neg_prompt': '', 'model_name': '韩国女孩'}}
[2023-06-20 21:58:25,020] python_template_server.py[line:113] INFO user_true_check:()
[2023-06-20 21:58:25,026] python_template_server.py[line:118] INFO user_num_check:((0,),)
[2023-06-20 21:58:25,089] python_template_server.py[line:153] INFO task_list_query: {'user_name': ''}
[2023-06-20 21:58:25,093] python_template_server.py[line:161] INFO res:[[4, '', '{"user_name": "", "params": {"pos_prompt": "11111111111", "neg_prompt": "", "model_name": "韩国女孩"}}', '', 0, '2023-06-20 21:20:44', '2023-06-20 21:20:44'], [3, '', '{"user_name": "", "params": {"pos_prompt": "11111111111", "neg_prompt": "", "model_name": "韩国女孩"}}', '', 0, '2023-06-20 21:19:02', '2023-06-20 21:19:02']]
[2023-06-20 21:58:26,091] python_template_server.py[line:131] INFO submit_task: {'user_name': '', 'params': {'pos_prompt': '12321313', 'neg_prompt': '', 'model_name': '韩国女孩'}}
[2023-06-20 21:58:26,099] python_template_server.py[line:113] INFO user_true_check:()
[2023-06-20 21:58:26,110] python_template_server.py[line:118] INFO user_num_check:((0,),)
[2023-06-20 21:58:26,176] python_template_server.py[line:153] INFO task_list_query: {'user_name': ''}
[2023-06-20 21:58:26,181] python_template_server.py[line:161] INFO res:[[4, '', '{"user_name": "", "params": {"pos_prompt": "11111111111", "neg_prompt": "", "model_name": "韩国女孩"}}', '', 0, '2023-06-20 21:20:44', '2023-06-20 21:20:44'], [3, '', '{"user_name": "", "params": {"pos_prompt": "11111111111", "neg_prompt": "", "model_name": "韩国女孩"}}', '', 0, '2023-06-20 21:19:02', '2023-06-20 21:19:02']]
[2023-06-20 21:58:26,744] python_template_server.py[line:131] INFO submit_task: {'user_name': '', 'params': {'pos_prompt': '12321313', 'neg_prompt': '', 'model_name': '韩国女孩'}}
[2023-06-20 21:58:26,749] python_template_server.py[line:113] INFO user_true_check:()
[2023-06-20 21:58:26,753] python_template_server.py[line:118] INFO user_num_check:((0,),)
[2023-06-20 21:58:26,819] python_template_server.py[line:153] INFO task_list_query: {'user_name': ''}
[2023-06-20 21:58:26,828] python_template_server.py[line:161] INFO res:[[4, '', '{"user_name": "", "params": {"pos_prompt": "11111111111", "neg_prompt": "", "model_name": "韩国女孩"}}', '', 0, '2023-06-20 21:20:44', '2023-06-20 21:20:44'], [3, '', '{"user_name": "", "params": {"pos_prompt": "11111111111", "neg_prompt": "", "model_name": "韩国女孩"}}', '', 0, '2023-06-20 21:19:02', '2023-06-20 21:19:02']]
[2023-06-20 21:58:27,412] python_template_server.py[line:131] INFO submit_task: {'user_name': '', 'params': {'pos_prompt': '12321313', 'neg_prompt': '', 'model_name': '韩国女孩'}}
[2023-06-20 21:58:27,420] python_template_server.py[line:113] INFO user_true_check:()
[2023-06-20 21:58:27,425] python_template_server.py[line:118] INFO user_num_check:((0,),)
[2023-06-20 21:58:27,515] python_template_server.py[line:153] INFO task_list_query: {'user_name': ''}
[2023-06-20 21:58:27,521] python_template_server.py[line:161] INFO res:[[4, '', '{"user_name": "", "params": {"pos_prompt": "11111111111", "neg_prompt": "", "model_name": "韩国女孩"}}', '', 0, '2023-06-20 21:20:44', '2023-06-20 21:20:44'], [3, '', '{"user_name": "", "params": {"pos_prompt": "11111111111", "neg_prompt": "", "model_name": "韩国女孩"}}', '', 0, '2023-06-20 21:19:02', '2023-06-20 21:19:02']]
[2023-06-20 21:58:28,485] python_template_server.py[line:131] INFO submit_task: {'user_name': '', 'params': {'pos_prompt': '12321313', 'neg_prompt': '', 'model_name': '韩国女孩'}}
[2023-06-20 21:58:28,492] python_template_server.py[line:113] INFO user_true_check:()
[2023-06-20 21:58:28,499] python_template_server.py[line:118] INFO user_num_check:((0,),)
[2023-06-20 21:58:28,564] python_template_server.py[line:153] INFO task_list_query: {'user_name': ''}
[2023-06-20 21:58:28,570] python_template_server.py[line:161] INFO res:[[4, '', '{"user_name": "", "params": {"pos_prompt": "11111111111", "neg_prompt": "", "model_name": "韩国女孩"}}', '', 0, '2023-06-20 21:20:44', '2023-06-20 21:20:44'], [3, '', '{"user_name": "", "params": {"pos_prompt": "11111111111", "neg_prompt": "", "model_name": "韩国女孩"}}', '', 0, '2023-06-20 21:19:02', '2023-06-20 21:19:02']]
[2023-06-20 21:58:29,821] python_template_server.py[line:131] INFO submit_task: {'user_name': '', 'params': {'pos_prompt': '12321313', 'neg_prompt': '', 'model_name': '韩国女孩'}}
[2023-06-20 21:58:29,832] python_template_server.py[line:113] INFO user_true_check:()
[2023-06-20 21:58:29,835] python_template_server.py[line:118] INFO user_num_check:((0,),)
[2023-06-20 21:58:29,899] python_template_server.py[line:153] INFO task_list_query: {'user_name': ''}
[2023-06-20 21:58:29,904] python_template_server.py[line:161] INFO res:[[4, '', '{"user_name": "", "params": {"pos_prompt": "11111111111", "neg_prompt": "", "model_name": "韩国女孩"}}', '', 0, '2023-06-20 21:20:44', '2023-06-20 21:20:44'], [3, '', '{"user_name": "", "params": {"pos_prompt": "11111111111", "neg_prompt": "", "model_name": "韩国女孩"}}', '', 0, '2023-06-20 21:19:02', '2023-06-20 21:19:02']]
[2023-06-20 21:58:30,806] python_template_server.py[line:131] INFO submit_task: {'user_name': '', 'params': {'pos_prompt': '12321313', 'neg_prompt': '', 'model_name': '韩国女孩'}}
[2023-06-20 21:58:30,811] python_template_server.py[line:113] INFO user_true_check:()
[2023-06-20 21:58:30,819] python_template_server.py[line:118] INFO user_num_check:((0,),)
[2023-06-20 21:58:30,890] python_template_server.py[line:153] INFO task_list_query: {'user_name': ''}
[2023-06-20 21:58:30,894] python_template_server.py[line:161] INFO res:[[4, '', '{"user_name": "", "params": {"pos_prompt": "11111111111", "neg_prompt": "", "model_name": "韩国女孩"}}', '', 0, '2023-06-20 21:20:44', '2023-06-20 21:20:44'], [3, '', '{"user_name": "", "params": {"pos_prompt": "11111111111", "neg_prompt": "", "model_name": "韩国女孩"}}', '', 0, '2023-06-20 21:19:02', '2023-06-20 21:19:02']]
[2023-06-20 22:01:43,251] python_template_server.py[line:154] INFO task_list_query: {'user_name': ''}
[2023-06-20 22:01:43,256] python_template_server.py[line:162] INFO res:[[4, '', '{"user_name": "", "params": {"pos_prompt": "11111111111", "neg_prompt": "", "model_name": "韩国女孩"}}', '', 0, '2023-06-20 21:20:44', '2023-06-20 21:20:44'], [3, '', '{"user_name": "", "params": {"pos_prompt": "11111111111", "neg_prompt": "", "model_name": "韩国女孩"}}', '', 0, '2023-06-20 21:19:02', '2023-06-20 21:19:02']]
[2023-06-20 22:01:46,214] python_template_server.py[line:131] INFO submit_task: {'user_name': '', 'params': {'pos_prompt': '123123123', 'neg_prompt': '', 'model_name': '韩国女孩'}}
[2023-06-20 22:01:46,225] python_template_server.py[line:113] INFO user_true_check:()
[2023-06-20 22:01:46,231] python_template_server.py[line:118] INFO user_num_check:((0,),)
[2023-06-20 22:01:46,298] python_template_server.py[line:154] INFO task_list_query: {'user_name': ''}
[2023-06-20 22:01:46,305] python_template_server.py[line:162] INFO res:[[4, '', '{"user_name": "", "params": {"pos_prompt": "11111111111", "neg_prompt": "", "model_name": "韩国女孩"}}', '', 0, '2023-06-20 21:20:44', '2023-06-20 21:20:44'], [3, '', '{"user_name": "", "params": {"pos_prompt": "11111111111", "neg_prompt": "", "model_name": "韩国女孩"}}', '', 0, '2023-06-20 21:19:02', '2023-06-20 21:19:02']]
[2023-06-20 22:02:14,194] python_template_server.py[line:131] INFO submit_task: {'user_name': '', 'params': {'pos_prompt': '123123123', 'neg_prompt': '', 'model_name': '韩国女孩'}}
[2023-06-20 22:02:14,202] python_template_server.py[line:113] INFO user_true_check:()
[2023-06-20 22:02:14,208] python_template_server.py[line:118] INFO user_num_check:((0,),)
[2023-06-20 22:02:14,294] python_template_server.py[line:154] INFO task_list_query: {'user_name': ''}
[2023-06-20 22:02:14,301] python_template_server.py[line:162] INFO res:[[4, '', '{"user_name": "", "params": {"pos_prompt": "11111111111", "neg_prompt": "", "model_name": "韩国女孩"}}', '', 0, '2023-06-20 21:20:44', '2023-06-20 21:20:44'], [3, '', '{"user_name": "", "params": {"pos_prompt": "11111111111", "neg_prompt": "", "model_name": "韩国女孩"}}', '', 0, '2023-06-20 21:19:02', '2023-06-20 21:19:02']]
[2023-06-20 22:02:22,544] python_template_server.py[line:131] INFO submit_task: {'user_name': '', 'params': {'pos_prompt': '123123123', 'neg_prompt': '', 'model_name': '韩国女孩'}}
[2023-06-20 22:02:22,640] python_template_server.py[line:113] INFO user_true_check:()
[2023-06-20 22:02:22,658] python_template_server.py[line:118] INFO user_num_check:((0,),)
[2023-06-20 22:02:22,743] python_template_server.py[line:154] INFO task_list_query: {'user_name': ''}
[2023-06-20 22:02:22,753] python_template_server.py[line:162] INFO res:[[4, '', '{"user_name": "", "params": {"pos_prompt": "11111111111", "neg_prompt": "", "model_name": "韩国女孩"}}', '', 0, '2023-06-20 21:20:44', '2023-06-20 21:20:44'], [3, '', '{"user_name": "", "params": {"pos_prompt": "11111111111", "neg_prompt": "", "model_name": "韩国女孩"}}', '', 0, '2023-06-20 21:19:02', '2023-06-20 21:19:02']]
[2023-06-20 22:02:29,755] python_template_server.py[line:154] INFO task_list_query: {'user_name': ''}
[2023-06-20 22:02:29,761] python_template_server.py[line:162] INFO res:[[4, '', '{"user_name": "", "params": {"pos_prompt": "11111111111", "neg_prompt": "", "model_name": "韩国女孩"}}', '', 0, '2023-06-20 21:20:44', '2023-06-20 21:20:44'], [3, '', '{"user_name": "", "params": {"pos_prompt": "11111111111", "neg_prompt": "", "model_name": "韩国女孩"}}', '', 0, '2023-06-20 21:19:02', '2023-06-20 21:19:02']]
[2023-06-20 22:02:34,473] python_template_server.py[line:154] INFO task_list_query: {'user_name': ''}
[2023-06-20 22:02:34,480] python_template_server.py[line:162] INFO res:[[4, '', '{"user_name": "", "params": {"pos_prompt": "11111111111", "neg_prompt": "", "model_name": "韩国女孩"}}', '', 0, '2023-06-20 21:20:44', '2023-06-20 21:20:44'], [3, '', '{"user_name": "", "params": {"pos_prompt": "11111111111", "neg_prompt": "", "model_name": "韩国女孩"}}', '', 0, '2023-06-20 21:19:02', '2023-06-20 21:19:02']]
[2023-06-20 22:02:34,596] python_template_server.py[line:131] INFO submit_task: {'user_name': '', 'params': {'pos_prompt': '12312311', 'neg_prompt': '', 'model_name': '韩国女孩'}}
[2023-06-20 22:02:34,604] python_template_server.py[line:113] INFO user_true_check:()
[2023-06-20 22:02:34,612] python_template_server.py[line:118] INFO user_num_check:((0,),)
[2023-06-20 22:02:34,712] python_template_server.py[line:154] INFO task_list_query: {'user_name': ''}
[2023-06-20 22:02:34,721] python_template_server.py[line:162] INFO res:[[4, '', '{"user_name": "", "params": {"pos_prompt": "11111111111", "neg_prompt": "", "model_name": "韩国女孩"}}', '', 0, '2023-06-20 21:20:44', '2023-06-20 21:20:44'], [3, '', '{"user_name": "", "params": {"pos_prompt": "11111111111", "neg_prompt": "", "model_name": "韩国女孩"}}', '', 0, '2023-06-20 21:19:02', '2023-06-20 21:19:02']]
